#
# There is insufficient memory for the Java Runtime Environment to continue.
# Native memory allocation (malloc) failed to allocate 2036848 bytes for Chunk::new
# Possible reasons:
#   The system is out of physical RAM or swap space
#   The process is running with CompressedOops enabled, and the Java Heap may be blocking the growth of the native heap
# Possible solutions:
#   Reduce memory load on the system
#   Increase physical memory or swap space
#   Check if swap backing store is full
#   Decrease Java heap size (-Xmx/-Xms)
#   Decrease number of Java threads
#   Decrease Java thread stack sizes (-Xss)
#   Set larger code cache with -XX:ReservedCodeCacheSize=
#   JVM is running with Unscaled Compressed Oops mode in which the Java heap is
#     placed in the first 4GB address space. The Java Heap base address is the
#     maximum limit for the native heap growth. Please use -XX:HeapBaseMinAddress
#     to set the Java Heap base and to place the Java Heap above 4GB virtual address.
# This output file may be truncated or incomplete.
#
#  Out of Memory Error (allocation.cpp:389), pid=22260, tid=0x0000000000003c60
#
# JRE version: OpenJDK Runtime Environment (8.0_242-b01) (build 1.8.0_242-release-1644-b01)
# Java VM: OpenJDK 64-Bit Server VM (25.242-b01 mixed mode windows-amd64 compressed oops)
# Failed to write core dump. Minidumps are not enabled by default on client versions of Windows
#

---------------  T H R E A D  ---------------

Current thread (0x000000001758f000):  JavaThread "C2 CompilerThread1" daemon [_thread_in_native, id=15456, stack(0x0000000019320000,0x0000000019420000)]

Stack: [0x0000000019320000,0x0000000019420000]
[error occurred during error reporting (printing stack bounds), id 0xc0000005]

Native frames: (J=compiled Java code, j=interpreted, Vv=VM code, C=native code)


Current CompileTask:
C2:   5098 5584       4       com.sun.beans.TypeResolver::resolve (37 bytes)


---------------  P R O C E S S  ---------------

Java Threads: ( => current thread )
  0x0000000024949800 JavaThread "Cache worker for execution history cache (Q:\Projects\AndroidProjects\youruchet\.gradle\6.5\executionHistory)" [_thread_blocked, id=13080, stack(0x000000002c550000,0x000000002c650000)]
  0x0000000020fd9000 JavaThread "jar transforms Thread 92" [_thread_blocked, id=12328, stack(0x000000002ad00000,0x000000002ae00000)]
  0x0000000020fdc800 JavaThread "jar transforms Thread 91" [_thread_blocked, id=12232, stack(0x000000002ac00000,0x000000002ad00000)]
  0x0000000020fda800 JavaThread "jar transforms Thread 90" [_thread_blocked, id=23332, stack(0x000000002ab00000,0x000000002ac00000)]
  0x0000000020fdc000 JavaThread "jar transforms Thread 89" [_thread_blocked, id=24864, stack(0x000000002aa00000,0x000000002ab00000)]
  0x0000000020fd1800 JavaThread "jar transforms Thread 88" [_thread_blocked, id=17792, stack(0x000000002a900000,0x000000002aa00000)]
  0x0000000020fd8000 JavaThread "jar transforms Thread 87" [_thread_blocked, id=15012, stack(0x000000002a800000,0x000000002a900000)]
  0x0000000020fd0800 JavaThread "jar transforms Thread 86" [_thread_blocked, id=16588, stack(0x000000002a700000,0x000000002a800000)]
  0x0000000020fd7800 JavaThread "jar transforms Thread 85" [_thread_blocked, id=2068, stack(0x000000002a600000,0x000000002a700000)]
  0x0000000020fd6800 JavaThread "jar transforms Thread 84" [_thread_blocked, id=21716, stack(0x000000002a500000,0x000000002a600000)]
  0x0000000020fd6000 JavaThread "jar transforms Thread 83" [_thread_blocked, id=20684, stack(0x000000002a400000,0x000000002a500000)]
  0x0000000020fd5000 JavaThread "jar transforms Thread 82" [_thread_blocked, id=11804, stack(0x000000002a300000,0x000000002a400000)]
  0x0000000020fd3000 JavaThread "jar transforms Thread 81" [_thread_blocked, id=4636, stack(0x000000002a200000,0x000000002a300000)]
  0x0000000020fd4800 JavaThread "jar transforms Thread 80" [_thread_blocked, id=12952, stack(0x000000002a100000,0x000000002a200000)]
  0x0000000020fcf000 JavaThread "jar transforms Thread 79" [_thread_blocked, id=25092, stack(0x000000002a000000,0x000000002a100000)]
  0x0000000020fce800 JavaThread "jar transforms Thread 78" [_thread_blocked, id=3324, stack(0x0000000029f00000,0x000000002a000000)]
  0x0000000020fd2000 JavaThread "jar transforms Thread 77" [_thread_blocked, id=20828, stack(0x0000000029e00000,0x0000000029f00000)]
  0x0000000020fd0000 JavaThread "jar transforms Thread 76" [_thread_blocked, id=20596, stack(0x0000000029d00000,0x0000000029e00000)]
  0x0000000020fd3800 JavaThread "jar transforms Thread 75" [_thread_blocked, id=13920, stack(0x0000000029c00000,0x0000000029d00000)]
  0x000000001f309800 JavaThread "jar transforms Thread 74" [_thread_blocked, id=25272, stack(0x0000000029b00000,0x0000000029c00000)]
  0x000000001f309000 JavaThread "jar transforms Thread 73" [_thread_blocked, id=2176, stack(0x0000000029a00000,0x0000000029b00000)]
  0x000000001f30f000 JavaThread "jar transforms Thread 72" [_thread_blocked, id=6244, stack(0x0000000029900000,0x0000000029a00000)]
  0x000000001f30a800 JavaThread "jar transforms Thread 71" [_thread_blocked, id=23896, stack(0x0000000029800000,0x0000000029900000)]
  0x000000001f307800 JavaThread "jar transforms Thread 70" [_thread_blocked, id=6576, stack(0x0000000029700000,0x0000000029800000)]
  0x000000001f30e000 JavaThread "jar transforms Thread 69" [_thread_blocked, id=12028, stack(0x0000000029600000,0x0000000029700000)]
  0x000000001f30c000 JavaThread "jar transforms Thread 68" [_thread_blocked, id=21188, stack(0x0000000029500000,0x0000000029600000)]
  0x000000001f30d800 JavaThread "jar transforms Thread 67" [_thread_blocked, id=984, stack(0x0000000029400000,0x0000000029500000)]
  0x000000001f30c800 JavaThread "jar transforms Thread 66" [_thread_blocked, id=10360, stack(0x0000000029300000,0x0000000029400000)]
  0x000000001f308000 JavaThread "jar transforms Thread 65" [_thread_blocked, id=1396, stack(0x0000000029200000,0x0000000029300000)]
  0x000000001f30b000 JavaThread "jar transforms Thread 64" [_thread_blocked, id=18336, stack(0x0000000029100000,0x0000000029200000)]
  0x000000001f300000 JavaThread "jar transforms Thread 63" [_thread_blocked, id=16804, stack(0x0000000029000000,0x0000000029100000)]
  0x000000001f305000 JavaThread "jar transforms Thread 62" [_thread_blocked, id=21016, stack(0x0000000028f00000,0x0000000029000000)]
  0x000000001f303800 JavaThread "jar transforms Thread 61" [_thread_blocked, id=11320, stack(0x0000000028e00000,0x0000000028f00000)]
  0x000000001f306800 JavaThread "jar transforms Thread 60" [_thread_blocked, id=9908, stack(0x0000000028d00000,0x0000000028e00000)]
  0x000000001f302000 JavaThread "jar transforms Thread 59" [_thread_blocked, id=13268, stack(0x0000000028c00000,0x0000000028d00000)]
  0x000000001f303000 JavaThread "jar transforms Thread 58" [_thread_blocked, id=19232, stack(0x0000000028b00000,0x0000000028c00000)]
  0x000000001f304800 JavaThread "jar transforms Thread 57" [_thread_blocked, id=5456, stack(0x0000000028a00000,0x0000000028b00000)]
  0x000000001f301800 JavaThread "jar transforms Thread 56" [_thread_blocked, id=880, stack(0x0000000028900000,0x0000000028a00000)]
  0x000000001f300800 JavaThread "jar transforms Thread 55" [_thread_blocked, id=25572, stack(0x0000000028800000,0x0000000028900000)]
  0x000000001f306000 JavaThread "jar transforms Thread 54" [_thread_blocked, id=13236, stack(0x0000000028700000,0x0000000028800000)]
  0x000000002116a800 JavaThread "jar transforms Thread 53" [_thread_blocked, id=8940, stack(0x0000000028600000,0x0000000028700000)]
  0x000000002116a000 JavaThread "jar transforms Thread 52" [_thread_blocked, id=13176, stack(0x0000000028500000,0x0000000028600000)]
  0x000000002116d800 JavaThread "jar transforms Thread 51" [_thread_blocked, id=20120, stack(0x0000000028400000,0x0000000028500000)]
  0x000000002116b800 JavaThread "jar transforms Thread 50" [_thread_blocked, id=21220, stack(0x0000000028300000,0x0000000028400000)]
  0x000000002116e800 JavaThread "jar transforms Thread 49" [_thread_blocked, id=9224, stack(0x0000000028200000,0x0000000028300000)]
  0x000000002116d000 JavaThread "jar transforms Thread 48" [_thread_blocked, id=20704, stack(0x0000000028100000,0x0000000028200000)]
  0x0000000021169000 JavaThread "jar transforms Thread 47" [_thread_blocked, id=9592, stack(0x0000000028000000,0x0000000028100000)]
  0x000000002116f000 JavaThread "jar transforms Thread 46" [_thread_blocked, id=20716, stack(0x0000000027f00000,0x0000000028000000)]
  0x000000002116c000 JavaThread "jar transforms Thread 45" [_thread_blocked, id=16136, stack(0x0000000027e00000,0x0000000027f00000)]
  0x0000000021161800 JavaThread "jar transforms Thread 44" [_thread_blocked, id=4188, stack(0x0000000027d00000,0x0000000027e00000)]
  0x0000000021168800 JavaThread "jar transforms Thread 43" [_thread_blocked, id=21768, stack(0x0000000027c00000,0x0000000027d00000)]
  0x0000000021160800 JavaThread "jar transforms Thread 42" [_thread_blocked, id=8788, stack(0x0000000027b00000,0x0000000027c00000)]
  0x0000000021167800 JavaThread "jar transforms Thread 41" [_thread_blocked, id=3956, stack(0x0000000027a00000,0x0000000027b00000)]
  0x0000000021166000 JavaThread "jar transforms Thread 40" [_thread_blocked, id=25500, stack(0x0000000027900000,0x0000000027a00000)]
  0x0000000021163800 JavaThread "jar transforms Thread 39" [_thread_blocked, id=22880, stack(0x0000000027800000,0x0000000027900000)]
  0x0000000021165000 JavaThread "jar transforms Thread 38" [_thread_blocked, id=20736, stack(0x0000000027700000,0x0000000027800000)]
  0x0000000021163000 JavaThread "jar transforms Thread 37" [_thread_blocked, id=19988, stack(0x0000000027600000,0x0000000027700000)]
  0x0000000021160000 JavaThread "jar transforms Thread 36" [_thread_blocked, id=17012, stack(0x0000000027500000,0x0000000027600000)]
  0x0000000021164800 JavaThread "jar transforms Thread 35" [_thread_blocked, id=8836, stack(0x0000000027400000,0x0000000027500000)]
  0x0000000021167000 JavaThread "jar transforms Thread 34" [_thread_blocked, id=11904, stack(0x0000000027300000,0x0000000027400000)]
  0x0000000021162000 JavaThread "jar transforms Thread 33" [_thread_blocked, id=21152, stack(0x0000000027200000,0x0000000027300000)]
  0x000000001ed98000 JavaThread "jar transforms Thread 32" [_thread_blocked, id=3904, stack(0x0000000027100000,0x0000000027200000)]
  0x000000001ed9e000 JavaThread "jar transforms Thread 31" [_thread_blocked, id=5356, stack(0x0000000027000000,0x0000000027100000)]
  0x000000001ed9d800 JavaThread "jar transforms Thread 30" [_thread_blocked, id=1596, stack(0x0000000026f00000,0x0000000027000000)]
  0x000000001ed9c800 JavaThread "jar transforms Thread 29" [_thread_blocked, id=15448, stack(0x0000000026e00000,0x0000000026f00000)]
  0x000000001ed9b000 JavaThread "jar transforms Thread 28" [_thread_blocked, id=21168, stack(0x0000000026d00000,0x0000000026e00000)]
  0x000000001ed9c000 JavaThread "jar transforms Thread 27" [_thread_blocked, id=9200, stack(0x0000000026c00000,0x0000000026d00000)]
  0x000000001ed9a800 JavaThread "jar transforms Thread 26" [_thread_blocked, id=18444, stack(0x0000000026b00000,0x0000000026c00000)]
  0x000000001ed99000 JavaThread "Build operations Thread 6" [_thread_blocked, id=5460, stack(0x0000000026a00000,0x0000000026b00000)]
  0x000000001ed99800 JavaThread "Build operations Thread 5" [_thread_blocked, id=25200, stack(0x0000000026900000,0x0000000026a00000)]
  0x000000001ed90800 JavaThread "Build operations Thread 4" [_thread_blocked, id=18144, stack(0x0000000026800000,0x0000000026900000)]
  0x000000001ed97800 JavaThread "Build operations Thread 3" [_thread_blocked, id=11176, stack(0x0000000026700000,0x0000000026800000)]
  0x000000001ed90000 JavaThread "Build operations Thread 2" [_thread_blocked, id=5612, stack(0x0000000026600000,0x0000000026700000)]
  0x000000001ed96000 JavaThread "Build operations" [_thread_blocked, id=688, stack(0x0000000026500000,0x0000000026600000)]
  0x000000001ed96800 JavaThread "Cache worker for Build Output Cleanup Cache (Q:\Projects\AndroidProjects\youruchet\.gradle\buildOutputCleanup)" [_thread_blocked, id=12736, stack(0x0000000023840000,0x0000000023940000)]
  0x000000001ed93000 JavaThread "Cache worker for file content cache (C:\Users\Kacu_\.gradle\caches\6.5\fileContent)" [_thread_blocked, id=19528, stack(0x0000000023740000,0x0000000023840000)]
  0x000000001ed92000 JavaThread "Cache worker for execution history cache (C:\Users\Kacu_\.gradle\caches\6.5\executionHistory)" [_thread_blocked, id=12884, stack(0x0000000023240000,0x0000000023340000)]
  0x000000001a669800 JavaThread "Cache worker for cache directory md-rule (C:\Users\Kacu_\.gradle\caches\6.5\md-rule)" [_thread_blocked, id=25208, stack(0x0000000022f40000,0x0000000023040000)]
  0x000000001a66f000 JavaThread "Cache worker for cache directory md-supplier (C:\Users\Kacu_\.gradle\caches\6.5\md-supplier)" [_thread_blocked, id=14760, stack(0x0000000022e40000,0x0000000022f40000)]
  0x000000001a66d800 JavaThread "Cache worker for checksums cache (Q:\Projects\AndroidProjects\youruchet\.gradle\checksums)" [_thread_blocked, id=9900, stack(0x0000000022d40000,0x0000000022e40000)]
  0x000000001a66c800 JavaThread "jar transforms Thread 25" [_thread_blocked, id=1080, stack(0x0000000022a40000,0x0000000022b40000)]
  0x000000001a66c000 JavaThread "jar transforms Thread 24" [_thread_blocked, id=6692, stack(0x0000000022940000,0x0000000022a40000)]
  0x000000001a669000 JavaThread "jar transforms Thread 23" [_thread_blocked, id=22608, stack(0x0000000022840000,0x0000000022940000)]
  0x000000001a66e000 JavaThread "jar transforms Thread 22" [_thread_blocked, id=11284, stack(0x0000000022740000,0x0000000022840000)]
  0x000000001a66b000 JavaThread "jar transforms Thread 21" [_thread_blocked, id=14188, stack(0x0000000022640000,0x0000000022740000)]
  0x000000001a66a800 JavaThread "jar transforms Thread 20" [_thread_blocked, id=14868, stack(0x0000000022540000,0x0000000022640000)]
  0x000000001a663000 JavaThread "jar transforms Thread 19" [_thread_blocked, id=11412, stack(0x0000000022440000,0x0000000022540000)]
  0x000000001a661800 JavaThread "jar transforms Thread 18" [_thread_blocked, id=24780, stack(0x0000000022340000,0x0000000022440000)]
  0x000000001a668000 JavaThread "jar transforms Thread 17" [_thread_blocked, id=1544, stack(0x000000001fff0000,0x00000000200f0000)]
  0x000000001a660800 JavaThread "jar transforms Thread 16" [_thread_blocked, id=21996, stack(0x000000001fef0000,0x000000001fff0000)]
  0x000000001a667800 JavaThread "jar transforms Thread 15" [_thread_blocked, id=8136, stack(0x000000001fdf0000,0x000000001fef0000)]
  0x000000001a660000 JavaThread "jar transforms Thread 14" [_thread_blocked, id=3236, stack(0x0000000022240000,0x0000000022340000)]
  0x000000001a663800 JavaThread "jar transforms Thread 13" [_thread_blocked, id=4380, stack(0x0000000022140000,0x0000000022240000)]
  0x000000001a666000 JavaThread "jar transforms Thread 12" [_thread_blocked, id=19348, stack(0x0000000022040000,0x0000000022140000)]
  0x000000001a664800 JavaThread "jar transforms Thread 11" [_thread_blocked, id=11368, stack(0x0000000021f40000,0x0000000022040000)]
  0x000000001a665000 JavaThread "jar transforms Thread 10" [_thread_blocked, id=19280, stack(0x0000000021e40000,0x0000000021f40000)]
  0x000000001a662000 JavaThread "jar transforms Thread 9" [_thread_blocked, id=25460, stack(0x0000000021d40000,0x0000000021e40000)]
  0x000000001a666800 JavaThread "jar transforms Thread 8" [_thread_blocked, id=16120, stack(0x0000000021c40000,0x0000000021d40000)]
  0x000000001b8a4800 JavaThread "jar transforms Thread 7" [_thread_blocked, id=14776, stack(0x0000000021b40000,0x0000000021c40000)]
  0x000000001b8a4000 JavaThread "jar transforms Thread 6" [_thread_blocked, id=20584, stack(0x0000000021a40000,0x0000000021b40000)]
  0x000000001b8a3000 JavaThread "jar transforms Thread 5" [_thread_blocked, id=5324, stack(0x0000000021940000,0x0000000021a40000)]
  0x000000001b8a2800 JavaThread "jar transforms Thread 4" [_thread_blocked, id=4000, stack(0x0000000021740000,0x0000000021840000)]
  0x000000001b8a7000 JavaThread "jar transforms Thread 3" [_thread_blocked, id=12728, stack(0x0000000021640000,0x0000000021740000)]
  0x000000001b8a9000 JavaThread "jar transforms Thread 2" [_thread_blocked, id=18504, stack(0x0000000021540000,0x0000000021640000)]
  0x000000001b8a6000 JavaThread "jar transforms" [_thread_blocked, id=21172, stack(0x0000000021440000,0x0000000021540000)]
  0x000000001b8a7800 JavaThread "Cache worker for file hash cache (Q:\Projects\AndroidProjects\youruchet\.gradle\6.5\fileHashes)" [_thread_blocked, id=16808, stack(0x0000000021840000,0x0000000021940000)]
  0x000000001b8a5800 JavaThread "Cache worker for file hash cache (C:\Users\Kacu_\.gradle\caches\6.5\fileHashes)" [_thread_blocked, id=25372, stack(0x000000001db50000,0x000000001dc50000)]
  0x000000001b8a8800 JavaThread "File lock request listener" [_thread_in_native, id=1392, stack(0x000000001da50000,0x000000001db50000)]
  0x000000001ba5d000 JavaThread "Cache worker for journal cache (C:\Users\Kacu_\.gradle\caches\journal-1)" [_thread_blocked, id=24932, stack(0x000000001d950000,0x000000001da50000)]
  0x000000001b5d2800 JavaThread "Thread-9" [_thread_blocked, id=21076, stack(0x000000001d650000,0x000000001d750000)]
  0x000000001b616000 JavaThread "Stdin handler" [_thread_blocked, id=17752, stack(0x000000001d550000,0x000000001d650000)]
  0x000000001b5d8800 JavaThread "Asynchronous log dispatcher for DefaultDaemonConnection: socket connection from /127.0.0.1:64989 to /127.0.0.1:64990" [_thread_blocked, id=19572, stack(0x000000001d450000,0x000000001d550000)]
  0x000000001b61a000 JavaThread "Daemon worker" [_thread_in_native, id=9252, stack(0x000000001d350000,0x000000001d450000)]
  0x000000001b617000 JavaThread "Cancel handler" [_thread_blocked, id=2376, stack(0x000000001d250000,0x000000001d350000)]
  0x000000001b5c3800 JavaThread "Handler for socket connection from /127.0.0.1:64989 to /127.0.0.1:64990" [_thread_in_native, id=17844, stack(0x000000001d150000,0x000000001d250000)]
  0x000000001b6fd800 JavaThread "Daemon" [_thread_blocked, id=17232, stack(0x000000001ce50000,0x000000001cf50000)]
  0x000000001b6fc800 JavaThread "Daemon periodic checks" [_thread_blocked, id=12712, stack(0x000000001cd50000,0x000000001ce50000)]
  0x000000001b59b000 JavaThread "Incoming local TCP Connector on port 64989" [_thread_in_native, id=24224, stack(0x000000001cb00000,0x000000001cc00000)]
  0x000000001b1f7800 JavaThread "Daemon health stats" [_thread_blocked, id=21392, stack(0x000000001c4c0000,0x000000001c5c0000)]
  0x000000001759d800 JavaThread "Service Thread" daemon [_thread_blocked, id=3532, stack(0x0000000019920000,0x0000000019a20000)]
  0x0000000017592000 JavaThread "C1 CompilerThread2" daemon [_thread_blocked, id=19468, stack(0x0000000019420000,0x0000000019520000)]
=>0x000000001758f000 JavaThread "C2 CompilerThread1" daemon [_thread_in_native, id=15456, stack(0x0000000019320000,0x0000000019420000)]
  0x000000001758c000 JavaThread "C2 CompilerThread0" daemon [_thread_in_native, id=16116, stack(0x0000000019220000,0x0000000019320000)]
  0x000000001758a000 JavaThread "Attach Listener" daemon [_thread_blocked, id=17756, stack(0x0000000019120000,0x0000000019220000)]
  0x0000000017589000 JavaThread "Signal Dispatcher" daemon [_thread_blocked, id=10576, stack(0x0000000019020000,0x0000000019120000)]
  0x000000000271a800 JavaThread "Finalizer" daemon [_thread_blocked, id=7468, stack(0x0000000018e10000,0x0000000018f10000)]
  0x000000001756b800 JavaThread "Reference Handler" daemon [_thread_blocked, id=23696, stack(0x0000000018d10000,0x0000000018e10000)]
  0x000000000242d800 JavaThread "main" [_thread_blocked, id=7008, stack(0x0000000002520000,0x0000000002620000)]

Other Threads:
  0x0000000017546800 VMThread [stack: 0x0000000018c10000,0x0000000018d10000] [id=19712]
  0x000000001759e000 WatcherThread [stack: 0x0000000019a20000,0x0000000019b20000] [id=11656]

VM state:not at safepoint (normal execution)

VM Mutex/Monitor currently owned by a thread: None

heap address: 0x0000000080000000, size: 2048 MB, Compressed Oops mode: 32-bit
Narrow klass base: 0x0000000000000000, Narrow klass shift: 3
Compressed class space size: 1073741824 Address: 0x0000000100000000

Heap:
 PSYoungGen      total 377344K, used 114199K [0x00000000d5580000, 0x00000000ee300000, 0x0000000100000000)
  eden space 358912K, 31% used [0x00000000d5580000,0x00000000dc505f50,0x00000000eb400000)
  from space 18432K, 0% used [0x00000000ecc80000,0x00000000ecc80000,0x00000000ede80000)
  to   space 24064K, 0% used [0x00000000eb400000,0x00000000eb400000,0x00000000ecb80000)
 ParOldGen       total 122880K, used 36211K [0x0000000080000000, 0x0000000087800000, 0x00000000d5580000)
  object space 122880K, 29% used [0x0000000080000000,0x000000008235cec0,0x0000000087800000)
 Metaspace       used 63783K, capacity 66424K, committed 66520K, reserved 1105920K
  class space    used 8617K, capacity 9153K, committed 9216K, reserved 1048576K

Card table byte_map: [0x0000000011ae0000,0x0000000011ef0000] byte_map_base: 0x00000000116e0000

Marking Bits: (ParMarkBitMap*) 0x000000006910f030
 Begin Bits: [0x00000000127a0000, 0x00000000147a0000)
 End Bits:   [0x00000000147a0000, 0x00000000167a0000)

Polling page: 0x0000000000b70000

CodeCache: size=245760Kb used=18407Kb max_used=19424Kb free=227353Kb
 bounds [0x0000000002720000, 0x0000000003a30000, 0x0000000011720000]
 total_blobs=6411 nmethods=5608 adapters=716
 compilation: enabled

Compilation events (10 events):
Event: 5.095 Thread 0x0000000017592000 nmethod 5950 0x00000000028df8d0 code [0x00000000028dfa40, 0x00000000028dfc88]
Event: 5.096 Thread 0x0000000017592000 5951       2       java.io.BufferedOutputStream::flushBuffer (29 bytes)
Event: 5.096 Thread 0x0000000017592000 nmethod 5951 0x00000000028df510 code [0x00000000028df680, 0x00000000028df828]
Event: 5.096 Thread 0x0000000017592000 5952       2       java.io.FileInputStream::read (8 bytes)
Event: 5.096 Thread 0x0000000017592000 nmethod 5952 0x000000000284f490 code [0x000000000284f600, 0x000000000284f768]
Event: 5.097 Thread 0x0000000017592000 5954       2       org.gradle.cache.internal.filelock.DefaultLockStateSerializer$SequenceNumberLockState::isInInitialState (15 bytes)
Event: 5.097 Thread 0x0000000017592000 nmethod 5954 0x000000000284f150 code [0x000000000284f2a0, 0x000000000284f410]
Event: 5.097 Thread 0x0000000017592000 5955       2       com.google.common.collect.ImmutableList::contains (14 bytes)
Event: 5.097 Thread 0x0000000017592000 nmethod 5955 0x000000000284edd0 code [0x000000000284ef40, 0x000000000284f0c8]
Event: 5.097 Thread 0x0000000017592000 5956       2       com.google.common.collect.ImmutableList::indexOf (14 bytes)

GC Heap History (10 events):
Event: 2.429 GC heap before
{Heap before GC invocations=7 (full 1):
 PSYoungGen      total 141824K, used 32631K [0x00000000d5580000, 0x00000000e5280000, 0x0000000100000000)
  eden space 131072K, 16% used [0x00000000d5580000,0x00000000d6ae27d0,0x00000000dd580000)
  from space 10752K, 99% used [0x00000000dd580000,0x00000000ddffb768,0x00000000de000000)
  to   space 14848K, 0% used [0x00000000e4400000,0x00000000e4400000,0x00000000e5280000)
 ParOldGen       total 87552K, used 8699K [0x0000000080000000, 0x0000000085580000, 0x00000000d5580000)
  object space 87552K, 9% used [0x0000000080000000,0x000000008087ee18,0x0000000085580000)
 Metaspace       used 34080K, capacity 35282K, committed 35416K, reserved 1079296K
  class space    used 4599K, capacity 4920K, committed 4992K, reserved 1048576K
Event: 2.433 GC heap after
Heap after GC invocations=7 (full 1):
 PSYoungGen      total 240128K, used 7504K [0x00000000d5580000, 0x00000000e5000000, 0x0000000100000000)
  eden space 227840K, 0% used [0x00000000d5580000,0x00000000d5580000,0x00000000e3400000)
  from space 12288K, 61% used [0x00000000e4400000,0x00000000e4b540c0,0x00000000e5000000)
  to   space 14336K, 0% used [0x00000000e3400000,0x00000000e3400000,0x00000000e4200000)
 ParOldGen       total 87552K, used 8707K [0x0000000080000000, 0x0000000085580000, 0x00000000d5580000)
  object space 87552K, 9% used [0x0000000080000000,0x0000000080880e18,0x0000000085580000)
 Metaspace       used 34080K, capacity 35282K, committed 35416K, reserved 1079296K
  class space    used 4599K, capacity 4920K, committed 4992K, reserved 1048576K
}
Event: 2.433 GC heap before
{Heap before GC invocations=8 (full 2):
 PSYoungGen      total 240128K, used 7504K [0x00000000d5580000, 0x00000000e5000000, 0x0000000100000000)
  eden space 227840K, 0% used [0x00000000d5580000,0x00000000d5580000,0x00000000e3400000)
  from space 12288K, 61% used [0x00000000e4400000,0x00000000e4b540c0,0x00000000e5000000)
  to   space 14336K, 0% used [0x00000000e3400000,0x00000000e3400000,0x00000000e4200000)
 ParOldGen       total 87552K, used 8707K [0x0000000080000000, 0x0000000085580000, 0x00000000d5580000)
  object space 87552K, 9% used [0x0000000080000000,0x0000000080880e18,0x0000000085580000)
 Metaspace       used 34080K, capacity 35282K, committed 35416K, reserved 1079296K
  class space    used 4599K, capacity 4920K, committed 4992K, reserved 1048576K
Event: 2.457 GC heap after
Heap after GC invocations=8 (full 2):
 PSYoungGen      total 240128K, used 0K [0x00000000d5580000, 0x00000000e5000000, 0x0000000100000000)
  eden space 227840K, 0% used [0x00000000d5580000,0x00000000d5580000,0x00000000e3400000)
  from space 12288K, 0% used [0x00000000e4400000,0x00000000e4400000,0x00000000e5000000)
  to   space 14336K, 0% used [0x00000000e3400000,0x00000000e3400000,0x00000000e4200000)
 ParOldGen       total 122880K, used 13891K [0x0000000080000000, 0x0000000087800000, 0x00000000d5580000)
  object space 122880K, 11% used [0x0000000080000000,0x0000000080d90c88,0x0000000087800000)
 Metaspace       used 34080K, capacity 35282K, committed 35416K, reserved 1079296K
  class space    used 4599K, capacity 4920K, committed 4992K, reserved 1048576K
}
Event: 3.563 GC heap before
{Heap before GC invocations=9 (full 2):
 PSYoungGen      total 240128K, used 227840K [0x00000000d5580000, 0x00000000e5000000, 0x0000000100000000)
  eden space 227840K, 100% used [0x00000000d5580000,0x00000000e3400000,0x00000000e3400000)
  from space 12288K, 0% used [0x00000000e4400000,0x00000000e4400000,0x00000000e5000000)
  to   space 14336K, 0% used [0x00000000e3400000,0x00000000e3400000,0x00000000e4200000)
 ParOldGen       total 122880K, used 13891K [0x0000000080000000, 0x0000000087800000, 0x00000000d5580000)
  object space 122880K, 11% used [0x0000000080000000,0x0000000080d90c88,0x0000000087800000)
 Metaspace       used 45586K, capacity 47688K, committed 47832K, reserved 1091584K
  class space    used 6134K, capacity 6548K, committed 6656K, reserved 1048576K
Event: 3.574 GC heap after
Heap after GC invocations=9 (full 2):
 PSYoungGen      total 242176K, used 14315K [0x00000000d5580000, 0x00000000ede80000, 0x0000000100000000)
  eden space 227840K, 0% used [0x00000000d5580000,0x00000000d5580000,0x00000000e3400000)
  from space 14336K, 99% used [0x00000000e3400000,0x00000000e41fac10,0x00000000e4200000)
  to   space 18432K, 0% used [0x00000000ecc80000,0x00000000ecc80000,0x00000000ede80000)
 ParOldGen       total 122880K, used 18142K [0x0000000080000000, 0x0000000087800000, 0x00000000d5580000)
  object space 122880K, 14% used [0x0000000080000000,0x00000000811b7b78,0x0000000087800000)
 Metaspace       used 45586K, capacity 47688K, committed 47832K, reserved 1091584K
  class space    used 6134K, capacity 6548K, committed 6656K, reserved 1048576K
}
Event: 4.309 GC heap before
{Heap before GC invocations=10 (full 2):
 PSYoungGen      total 242176K, used 140341K [0x00000000d5580000, 0x00000000ede80000, 0x0000000100000000)
  eden space 227840K, 55% used [0x00000000d5580000,0x00000000dd092a28,0x00000000e3400000)
  from space 14336K, 99% used [0x00000000e3400000,0x00000000e41fac10,0x00000000e4200000)
  to   space 18432K, 0% used [0x00000000ecc80000,0x00000000ecc80000,0x00000000ede80000)
 ParOldGen       total 122880K, used 18142K [0x0000000080000000, 0x0000000087800000, 0x00000000d5580000)
  object space 122880K, 14% used [0x0000000080000000,0x00000000811b7b78,0x0000000087800000)
 Metaspace       used 56412K, capacity 58808K, committed 58968K, reserved 1099776K
  class space    used 7450K, capacity 7952K, committed 8064K, reserved 1048576K
Event: 4.321 GC heap after
Heap after GC invocations=10 (full 2):
 PSYoungGen      total 377344K, used 18404K [0x00000000d5580000, 0x00000000ee300000, 0x0000000100000000)
  eden space 358912K, 0% used [0x00000000d5580000,0x00000000d5580000,0x00000000eb400000)
  from space 18432K, 99% used [0x00000000ecc80000,0x00000000ede79268,0x00000000ede80000)
  to   space 24064K, 0% used [0x00000000eb400000,0x00000000eb400000,0x00000000ecb80000)
 ParOldGen       total 122880K, used 24449K [0x0000000080000000, 0x0000000087800000, 0x00000000d5580000)
  object space 122880K, 19% used [0x0000000080000000,0x00000000817e0418,0x0000000087800000)
 Metaspace       used 56412K, capacity 58808K, committed 58968K, reserved 1099776K
  class space    used 7450K, capacity 7952K, committed 8064K, reserved 1048576K
}
Event: 4.321 GC heap before
{Heap before GC invocations=11 (full 3):
 PSYoungGen      total 377344K, used 18404K [0x00000000d5580000, 0x00000000ee300000, 0x0000000100000000)
  eden space 358912K, 0% used [0x00000000d5580000,0x00000000d5580000,0x00000000eb400000)
  from space 18432K, 99% used [0x00000000ecc80000,0x00000000ede79268,0x00000000ede80000)
  to   space 24064K, 0% used [0x00000000eb400000,0x00000000eb400000,0x00000000ecb80000)
 ParOldGen       total 122880K, used 24449K [0x0000000080000000, 0x0000000087800000, 0x00000000d5580000)
  object space 122880K, 19% used [0x0000000080000000,0x00000000817e0418,0x0000000087800000)
 Metaspace       used 56412K, capacity 58808K, committed 58968K, reserved 1099776K
  class space    used 7450K, capacity 7952K, committed 8064K, reserved 1048576K
Event: 4.445 GC heap after
Heap after GC invocations=11 (full 3):
 PSYoungGen      total 377344K, used 0K [0x00000000d5580000, 0x00000000ee300000, 0x0000000100000000)
  eden space 358912K, 0% used [0x00000000d5580000,0x00000000d5580000,0x00000000eb400000)
  from space 18432K, 0% used [0x00000000ecc80000,0x00000000ecc80000,0x00000000ede80000)
  to   space 24064K, 0% used [0x00000000eb400000,0x00000000eb400000,0x00000000ecb80000)
 ParOldGen       total 122880K, used 36211K [0x0000000080000000, 0x0000000087800000, 0x00000000d5580000)
  object space 122880K, 29% used [0x0000000080000000,0x000000008235cec0,0x0000000087800000)
 Metaspace       used 56338K, capacity 58608K, committed 58968K, reserved 1099776K
  class space    used 7430K, capacity 7924K, committed 8064K, reserved 1048576K
}

Deoptimization events (10 events):
Event: 4.773 Thread 0x000000001b61a000 Uncommon trap: reason=unstable_if action=reinterpret pc=0x0000000002ae4674 method=java.lang.String.lastIndexOf([CII[CIII)I @ 118
Event: 4.812 Thread 0x000000001b61a000 Uncommon trap: reason=unstable_if action=reinterpret pc=0x000000000376d65c method=java.util.TreeMap.put(Ljava/lang/Object;Ljava/lang/Object;)Ljava/lang/Object; @ 163
Event: 4.814 Thread 0x000000001b61a000 Uncommon trap: reason=unstable_if action=reinterpret pc=0x000000000356b148 method=java.lang.AbstractStringBuilder.append(I)Ljava/lang/AbstractStringBuilder; @ 16
Event: 4.814 Thread 0x000000001b61a000 Uncommon trap: reason=unstable_if action=reinterpret pc=0x0000000003378208 method=java.lang.Integer.getChars(II[C)V @ 7
Event: 4.843 Thread 0x000000001b61a000 Uncommon trap: reason=unstable_if action=reinterpret pc=0x000000000335f1b0 method=java.lang.reflect.Proxy.isProxyClass(Ljava/lang/Class;)Z @ 6
Event: 4.863 Thread 0x000000001b61a000 Uncommon trap: reason=speculate_class_check action=maybe_recompile pc=0x000000000362d778 method=com.google.common.collect.AbstractIndexedListIterator.next()Ljava/lang/Object; @ 27
Event: 4.863 Thread 0x000000001b61a000 Uncommon trap: reason=speculate_class_check action=maybe_recompile pc=0x000000000362d778 method=com.google.common.collect.AbstractIndexedListIterator.next()Ljava/lang/Object; @ 27
Event: 4.863 Thread 0x000000001b61a000 Uncommon trap: reason=speculate_class_check action=maybe_recompile pc=0x000000000362d778 method=com.google.common.collect.AbstractIndexedListIterator.next()Ljava/lang/Object; @ 27
Event: 4.863 Thread 0x000000001b61a000 Uncommon trap: reason=speculate_class_check action=maybe_recompile pc=0x000000000362d778 method=com.google.common.collect.AbstractIndexedListIterator.next()Ljava/lang/Object; @ 27
Event: 4.928 Thread 0x000000001b61a000 Uncommon trap: reason=class_check action=maybe_recompile pc=0x0000000002dc7480 method=java.lang.Throwable.<init>(Ljava/lang/String;Ljava/lang/Throwable;)V @ 24

Classes redefined (0 events):
No events

Internal exceptions (10 events):
Event: 4.983 Thread 0x000000001b61a000 Exception <a 'java/lang/NoSuchMethodError': <clinit>> (0x00000000dafa86b0) thrown at [C:\src\AOSP-openjdk-git\hotspot\src\share\vm\prims\jni.cpp, line 1615]
Event: 5.027 Thread 0x000000001b61a000 Exception <a 'java/lang/NoSuchMethodError': <clinit>> (0x00000000db4f05a0) thrown at [C:\src\AOSP-openjdk-git\hotspot\src\share\vm\prims\jni.cpp, line 1615]
Event: 5.029 Thread 0x000000001b61a000 Exception <a 'java/lang/ClassNotFoundException': org/jetbrains/plugins/gradle/tooling/util/SourceSetCachedFinder$1BeanInfo> (0x00000000db532ca8) thrown at [C:\src\AOSP-openjdk-git\hotspot\src\share\vm\classfile\systemDictionary.cpp, line 210]
Event: 5.030 Thread 0x000000001b61a000 Exception <a 'java/lang/ClassNotFoundException': org/jetbrains/plugins/gradle/tooling/util/SourceSetCachedFinder$1Customizer> (0x00000000db548448) thrown at [C:\src\AOSP-openjdk-git\hotspot\src\share\vm\classfile\systemDictionary.cpp, line 210]
Event: 5.031 Thread 0x000000001b61a000 Exception <a 'java/lang/ClassNotFoundException': org/jetbrains/plugins/gradle/tooling/util/SourceSetCachedFinder$2BeanInfo> (0x00000000db58ef80) thrown at [C:\src\AOSP-openjdk-git\hotspot\src\share\vm\classfile\systemDictionary.cpp, line 210]
Event: 5.031 Thread 0x000000001b61a000 Exception <a 'java/lang/ClassNotFoundException': org/jetbrains/plugins/gradle/tooling/util/SourceSetCachedFinder$2Customizer> (0x00000000db5a4720) thrown at [C:\src\AOSP-openjdk-git\hotspot\src\share\vm\classfile\systemDictionary.cpp, line 210]
Event: 5.032 Thread 0x000000001b61a000 Exception <a 'java/lang/ClassNotFoundException': org/jetbrains/plugins/gradle/tooling/util/SourceSetCachedFinderBeanInfo> (0x00000000db5e55c0) thrown at [C:\src\AOSP-openjdk-git\hotspot\src\share\vm\classfile\systemDictionary.cpp, line 210]
Event: 5.032 Thread 0x000000001b61a000 Exception <a 'java/lang/ClassNotFoundException': org/jetbrains/plugins/gradle/tooling/util/SourceSetCachedFinderCustomizer> (0x00000000db5fa2c8) thrown at [C:\src\AOSP-openjdk-git\hotspot\src\share\vm\classfile\systemDictionary.cpp, line 210]
Event: 5.033 Thread 0x000000001b61a000 Exception <a 'java/lang/ClassNotFoundException': org/jetbrains/plugins/gradle/tooling/util/SourceSetCachedFinder$ArtifactsMapBeanInfo> (0x00000000db63cc30) thrown at [C:\src\AOSP-openjdk-git\hotspot\src\share\vm\classfile\systemDictionary.cpp, line 210]
Event: 5.034 Thread 0x000000001b61a000 Exception <a 'java/lang/ClassNotFoundException': org/jetbrains/plugins/gradle/tooling/util/SourceSetCachedFinder$ArtifactsMapCustomizer> (0x00000000db65fed0) thrown at [C:\src\AOSP-openjdk-git\hotspot\src\share\vm\classfile\systemDictionary.cpp, line 210]

Events (10 events):
Event: 5.056 loading class org/gradle/api/internal/artifacts/ivyservice/modulecache/artifacts/AbstractArtifactsCache$ModuleArtifactsCacheEntry
Event: 5.056 loading class org/gradle/api/internal/artifacts/ivyservice/modulecache/artifacts/AbstractArtifactsCache$ModuleArtifactsCacheEntry done
Event: 5.057 loading class org/gradle/api/internal/artifacts/ivyservice/modulecache/artifacts/DefaultCachedArtifacts
Event: 5.057 loading class org/gradle/api/internal/artifacts/ivyservice/modulecache/artifacts/DefaultCachedArtifacts done
Event: 5.061 Thread 0x000000001b61a000 DEOPT PACKING pc=0x0000000002d20564 sp=0x000000001d44a1d0
Event: 5.061 Thread 0x000000001b61a000 DEOPT UNPACKING pc=0x00000000027675d0 sp=0x000000001d44a088 mode 0
Event: 5.074 Thread 0x000000001b61a000 DEOPT PACKING pc=0x0000000002d20564 sp=0x000000001d44a1d0
Event: 5.074 Thread 0x000000001b61a000 DEOPT UNPACKING pc=0x00000000027675d0 sp=0x000000001d44a088 mode 0
Event: 5.087 Thread 0x000000001b61a000 DEOPT PACKING pc=0x0000000002d20564 sp=0x000000001d44a1d0
Event: 5.087 Thread 0x000000001b61a000 DEOPT UNPACKING pc=0x00000000027675d0 sp=0x000000001d44a088 mode 0


Dynamic libraries:
0x00007ff715e70000 - 0x00007ff715ea1000 	Q:\Programs\AndroidStudio\jre\bin\java.exe
0x00007ffe6b070000 - 0x00007ffe6b265000 	C:\Windows\SYSTEM32\ntdll.dll
0x00007ffe6a0f0000 - 0x00007ffe6a1ad000 	C:\Windows\System32\KERNEL32.DLL
0x00007ffe68b70000 - 0x00007ffe68e39000 	C:\Windows\System32\KERNELBASE.dll
0x00007ffe69750000 - 0x00007ffe697fc000 	C:\Windows\System32\ADVAPI32.dll
0x00007ffe69be0000 - 0x00007ffe69c7e000 	C:\Windows\System32\msvcrt.dll
0x00007ffe6aec0000 - 0x00007ffe6af5c000 	C:\Windows\System32\sechost.dll
0x00007ffe69540000 - 0x00007ffe6966b000 	C:\Windows\System32\RPCRT4.dll
0x00007ffe69d80000 - 0x00007ffe69f20000 	C:\Windows\System32\USER32.dll
0x00007ffe687b0000 - 0x00007ffe687d2000 	C:\Windows\System32\win32u.dll
0x00007ffe69860000 - 0x00007ffe6988a000 	C:\Windows\System32\GDI32.dll
0x00007ffe689c0000 - 0x00007ffe68acb000 	C:\Windows\System32\gdi32full.dll
0x00007ffe68ad0000 - 0x00007ffe68b6d000 	C:\Windows\System32\msvcp_win.dll
0x00007ffe68ec0000 - 0x00007ffe68fc0000 	C:\Windows\System32\ucrtbase.dll
0x00007ffe52830000 - 0x00007ffe52aca000 	C:\Windows\WinSxS\amd64_microsoft.windows.common-controls_6595b64144ccf1df_6.0.19041.844_none_ca00b6081b84eb1d\COMCTL32.dll
0x00007ffe6aa80000 - 0x00007ffe6aab0000 	C:\Windows\System32\IMM32.DLL
0x0000000068780000 - 0x0000000068852000 	Q:\Programs\AndroidStudio\jre\jre\bin\msvcr100.dll
0x0000000068940000 - 0x000000006918b000 	Q:\Programs\AndroidStudio\jre\jre\bin\server\jvm.dll
0x00007ffe69c80000 - 0x00007ffe69c88000 	C:\Windows\System32\PSAPI.DLL
0x00007ffe65fe0000 - 0x00007ffe65fe9000 	C:\Windows\SYSTEM32\WSOCK32.dll
0x00007ffe5cf00000 - 0x00007ffe5cf27000 	C:\Windows\SYSTEM32\WINMM.dll
0x00007ffe607a0000 - 0x00007ffe607aa000 	C:\Windows\SYSTEM32\VERSION.dll
0x00007ffe69cb0000 - 0x00007ffe69d1b000 	C:\Windows\System32\WS2_32.dll
0x00007ffe63120000 - 0x00007ffe6312f000 	Q:\Programs\AndroidStudio\jre\jre\bin\verify.dll
0x00007ffe5aef0000 - 0x00007ffe5af19000 	Q:\Programs\AndroidStudio\jre\jre\bin\java.dll
0x00007ffe5b890000 - 0x00007ffe5b8a6000 	Q:\Programs\AndroidStudio\jre\jre\bin\zip.dll
0x00007ffe6a1b0000 - 0x00007ffe6a8f2000 	C:\Windows\System32\SHELL32.dll
0x00007ffe66930000 - 0x00007ffe670c0000 	C:\Windows\SYSTEM32\windows.storage.dll
0x00007ffe6aab0000 - 0x00007ffe6ae05000 	C:\Windows\System32\combase.dll
0x00007ffe68220000 - 0x00007ffe6824c000 	C:\Windows\SYSTEM32\Wldp.dll
0x00007ffe6ae10000 - 0x00007ffe6aebe000 	C:\Windows\System32\SHCORE.dll
0x00007ffe69d20000 - 0x00007ffe69d75000 	C:\Windows\System32\shlwapi.dll
0x00007ffe686f0000 - 0x00007ffe6870f000 	C:\Windows\SYSTEM32\profapi.dll
0x00007ffe5af30000 - 0x00007ffe5af4a000 	Q:\Programs\AndroidStudio\jre\jre\bin\net.dll
0x00007ffe67fa0000 - 0x00007ffe6800a000 	C:\Windows\system32\mswsock.dll
0x00007ffe55670000 - 0x00007ffe55683000 	Q:\Programs\AndroidStudio\jre\jre\bin\nio.dll
0x00007ffe4cdb0000 - 0x00007ffe4cdd7000 	C:\Users\Kacu_\.gradle\native\f6784746aeab05261644944871eae4fe03e0ef1612fff0a4a95f87b438bc6780\windows-amd64\native-platform.dll
0x00007ffe5e190000 - 0x00007ffe5e19d000 	Q:\Programs\AndroidStudio\jre\jre\bin\management.dll
0x00007ffe68170000 - 0x00007ffe68188000 	C:\Windows\SYSTEM32\CRYPTSP.dll
0x00007ffe678d0000 - 0x00007ffe67904000 	C:\Windows\system32\rsaenh.dll
0x00007ffe68e90000 - 0x00007ffe68eb7000 	C:\Windows\System32\bcrypt.dll
0x00007ffe68670000 - 0x00007ffe6869e000 	C:\Windows\SYSTEM32\USERENV.dll
0x00007ffe68940000 - 0x00007ffe689c0000 	C:\Windows\System32\bcryptprimitives.dll
0x00007ffe68190000 - 0x00007ffe6819c000 	C:\Windows\SYSTEM32\CRYPTBASE.dll
0x00007ffe67c40000 - 0x00007ffe67c7b000 	C:\Windows\SYSTEM32\IPHLPAPI.DLL
0x00007ffe69fa0000 - 0x00007ffe69fa8000 	C:\Windows\System32\NSI.dll
0x00007ffe61de0000 - 0x00007ffe61df7000 	C:\Windows\SYSTEM32\dhcpcsvc6.DLL
0x00007ffe61dc0000 - 0x00007ffe61ddd000 	C:\Windows\SYSTEM32\dhcpcsvc.DLL
0x00007ffe67c80000 - 0x00007ffe67d4b000 	C:\Windows\SYSTEM32\DNSAPI.dll
0x00007ffe61ed0000 - 0x00007ffe61edb000 	C:\Windows\SYSTEM32\WINNSI.DLL

VM Arguments:
jvm_args: -Xmx2048m -Dfile.encoding=UTF-8 -Duser.country=RU -Duser.language=ru -Duser.variant 
java_command: org.gradle.launcher.daemon.bootstrap.GradleDaemon 6.5
java_class_path (initial): C:\Users\Kacu_\.gradle\wrapper\dists\gradle-6.5-bin\6nifqtx7604sqp1q6g8wikw7p\gradle-6.5\lib\gradle-launcher-6.5.jar
Launcher Type: SUN_STANDARD

Environment Variables:
PATH=C:\Program Files (x86)\Common Files\Intel\Shared Libraries\redist\intel64\compiler;C:\Windows\system32;C:\Windows;C:\Windows\System32\Wbem;C:\Windows\System32\WindowsPowerShell\v1.0\;C:\Windows\System32\OpenSSH\;C:\Users\Kacu_\AppData\Local\Microsoft\WindowsApps;;Q:\Programs\Microsoft VS Code\bin
USERNAME=Kacu_
OS=Windows_NT
PROCESSOR_IDENTIFIER=Intel64 Family 6 Model 158 Stepping 10, GenuineIntel



---------------  S Y S T E M  ---------------

OS: Windows 10.0 , 64 bit Build 19041 (10.0.19041.804)

CPU:total 6 (initial active 6) (6 cores per cpu, 1 threads per core) family 6 model 158 stepping 10, cmov, cx8, fxsr, mmx, sse, sse2, sse3, ssse3, sse4.1, sse4.2, popcnt, avx, avx2, aes, clmul, erms, 3dnowpref, lzcnt, tsc, tscinvbit, bmi1, bmi2, adx

Memory: 4k page, physical 16663832k(7125076k free), swap 25838944k(6320k free)

vm_info: OpenJDK 64-Bit Server VM (25.242-b01) for windows-amd64 JRE (1.8.0_242-release-1644-b01), built by "builder" with MS VC++ 10.0 (VS2010)

time: Wed Mar 03 14:48:42 2021
timezone: RTZ 6 (зима)
elapsed time: 5 seconds (0d 0h 0m 5s)

