#
# There is insufficient memory for the Java Runtime Environment to continue.
# Native memory allocation (malloc) failed to allocate 1334384 bytes for Chunk::new
# Possible reasons:
#   The system is out of physical RAM or swap space
#   The process is running with CompressedOops enabled, and the Java Heap may be blocking the growth of the native heap
# Possible solutions:
#   Reduce memory load on the system
#   Increase physical memory or swap space
#   Check if swap backing store is full
#   Decrease Java heap size (-Xmx/-Xms)
#   Decrease number of Java threads
#   Decrease Java thread stack sizes (-Xss)
#   Set larger code cache with -XX:ReservedCodeCacheSize=
#   JVM is running with Unscaled Compressed Oops mode in which the Java heap is
#     placed in the first 4GB address space. The Java Heap base address is the
#     maximum limit for the native heap growth. Please use -XX:HeapBaseMinAddress
#     to set the Java Heap base and to place the Java Heap above 4GB virtual address.
# This output file may be truncated or incomplete.
#
#  Out of Memory Error (allocation.cpp:389), pid=21792, tid=0x0000000000001714
#
# JRE version: OpenJDK Runtime Environment (8.0_242-b01) (build 1.8.0_242-release-1644-b01)
# Java VM: OpenJDK 64-Bit Server VM (25.242-b01 mixed mode windows-amd64 compressed oops)
# Failed to write core dump. Minidumps are not enabled by default on client versions of Windows
#

---------------  T H R E A D  ---------------

Current thread (0x000000001810f000):  JavaThread "C2 CompilerThread1" daemon [_thread_in_native, id=5908, stack(0x0000000019ea0000,0x0000000019fa0000)]

Stack: [0x0000000019ea0000,0x0000000019fa0000]
[error occurred during error reporting (printing stack bounds), id 0xc0000005]

Native frames: (J=compiled Java code, j=interpreted, Vv=VM code, C=native code)


Current CompileTask:
C2:  31109 10682       4       org.objectweb.asm.signature.SignatureReader::parseType (411 bytes)


---------------  P R O C E S S  ---------------

Java Threads: ( => current thread )
  0x0000000024c66800 JavaThread "Memory manager" [_thread_blocked, id=19468, stack(0x000000002d160000,0x000000002d260000)]
  0x0000000024c65000 JavaThread "Cache worker for execution history cache (Q:\Projects\AndroidProjects\youruchet\.gradle\6.5\executionHistory)" [_thread_blocked, id=7008, stack(0x000000002d260000,0x000000002d360000)]
  0x0000000021d15000 JavaThread "jar transforms Thread 92" [_thread_blocked, id=3532, stack(0x000000002a9f0000,0x000000002aaf0000)]
  0x0000000021d19800 JavaThread "jar transforms Thread 91" [_thread_blocked, id=23696, stack(0x000000002a8f0000,0x000000002a9f0000)]
  0x0000000021d15800 JavaThread "jar transforms Thread 90" [_thread_blocked, id=15640, stack(0x000000002a7f0000,0x000000002a8f0000)]
  0x0000000021d14000 JavaThread "jar transforms Thread 89" [_thread_blocked, id=17756, stack(0x000000002a6f0000,0x000000002a7f0000)]
  0x0000000021d1b000 JavaThread "jar transforms Thread 88" [_thread_blocked, id=11368, stack(0x000000002a5f0000,0x000000002a6f0000)]
  0x0000000021d19000 JavaThread "jar transforms Thread 87" [_thread_blocked, id=7056, stack(0x000000002a4f0000,0x000000002a5f0000)]
  0x0000000021d13800 JavaThread "jar transforms Thread 86" [_thread_blocked, id=11656, stack(0x000000002a3f0000,0x000000002a4f0000)]
  0x0000000021d1a800 JavaThread "jar transforms Thread 85" [_thread_blocked, id=10576, stack(0x000000002a2f0000,0x000000002a3f0000)]
  0x0000000021d18000 JavaThread "jar transforms Thread 84" [_thread_blocked, id=17344, stack(0x000000002a1f0000,0x000000002a2f0000)]
  0x0000000021d17000 JavaThread "jar transforms Thread 83" [_thread_blocked, id=7752, stack(0x000000002a0f0000,0x000000002a1f0000)]
  0x0000000021d0c000 JavaThread "jar transforms Thread 82" [_thread_blocked, id=18440, stack(0x0000000029ff0000,0x000000002a0f0000)]
  0x0000000021d0c800 JavaThread "jar transforms Thread 81" [_thread_blocked, id=11028, stack(0x0000000029ef0000,0x0000000029ff0000)]
  0x0000000021d0d800 JavaThread "jar transforms Thread 80" [_thread_blocked, id=21392, stack(0x0000000029df0000,0x0000000029ef0000)]
  0x0000000021d12800 JavaThread "jar transforms Thread 79" [_thread_blocked, id=15808, stack(0x0000000029cf0000,0x0000000029df0000)]
  0x0000000021d12000 JavaThread "jar transforms Thread 78" [_thread_blocked, id=24264, stack(0x0000000029bf0000,0x0000000029cf0000)]
  0x0000000021d0f000 JavaThread "jar transforms Thread 77" [_thread_blocked, id=16180, stack(0x0000000029af0000,0x0000000029bf0000)]
  0x0000000021d10800 JavaThread "jar transforms Thread 76" [_thread_blocked, id=16116, stack(0x00000000299f0000,0x0000000029af0000)]
  0x0000000021d0f800 JavaThread "jar transforms Thread 75" [_thread_blocked, id=4524, stack(0x00000000298f0000,0x00000000299f0000)]
  0x0000000021d0e000 JavaThread "jar transforms Thread 74" [_thread_blocked, id=8160, stack(0x00000000297f0000,0x00000000298f0000)]
  0x0000000024e68000 JavaThread "jar transforms Thread 73" [_thread_blocked, id=12844, stack(0x00000000296f0000,0x00000000297f0000)]
  0x0000000024e65000 JavaThread "jar transforms Thread 72" [_thread_blocked, id=2204, stack(0x00000000295f0000,0x00000000296f0000)]
  0x0000000024e66800 JavaThread "jar transforms Thread 71" [_thread_blocked, id=15324, stack(0x00000000294f0000,0x00000000295f0000)]
  0x0000000024e66000 JavaThread "jar transforms Thread 70" [_thread_blocked, id=20012, stack(0x00000000293f0000,0x00000000294f0000)]
  0x0000000024e67800 JavaThread "jar transforms Thread 69" [_thread_blocked, id=24968, stack(0x00000000292f0000,0x00000000293f0000)]
  0x0000000024e5d800 JavaThread "jar transforms Thread 68" [_thread_blocked, id=15156, stack(0x00000000291f0000,0x00000000292f0000)]
  0x0000000024e64800 JavaThread "jar transforms Thread 67" [_thread_blocked, id=7128, stack(0x00000000290f0000,0x00000000291f0000)]
  0x0000000024e63800 JavaThread "jar transforms Thread 66" [_thread_blocked, id=11300, stack(0x0000000028ff0000,0x00000000290f0000)]
  0x0000000024e5c000 JavaThread "jar transforms Thread 65" [_thread_blocked, id=15792, stack(0x0000000028ef0000,0x0000000028ff0000)]
  0x0000000024e63000 JavaThread "jar transforms Thread 64" [_thread_blocked, id=18576, stack(0x0000000028df0000,0x0000000028ef0000)]
  0x0000000024e62000 JavaThread "jar transforms Thread 63" [_thread_blocked, id=23396, stack(0x0000000028cf0000,0x0000000028df0000)]
  0x0000000024e61800 JavaThread "jar transforms Thread 62" [_thread_blocked, id=19348, stack(0x0000000028bf0000,0x0000000028cf0000)]
  0x0000000024e5a000 JavaThread "jar transforms Thread 61" [_thread_blocked, id=14892, stack(0x0000000028af0000,0x0000000028bf0000)]
  0x0000000024e5b800 JavaThread "jar transforms Thread 60" [_thread_blocked, id=5800, stack(0x00000000289f0000,0x0000000028af0000)]
  0x0000000024e60800 JavaThread "jar transforms Thread 59" [_thread_blocked, id=14484, stack(0x00000000288f0000,0x00000000289f0000)]
  0x0000000024e5a800 JavaThread "jar transforms Thread 58" [_thread_blocked, id=19712, stack(0x00000000287f0000,0x00000000288f0000)]
  0x0000000024e5d000 JavaThread "jar transforms Thread 57" [_thread_blocked, id=6416, stack(0x00000000286f0000,0x00000000287f0000)]
  0x0000000024e60000 JavaThread "jar transforms Thread 56" [_thread_blocked, id=12592, stack(0x00000000285f0000,0x00000000286f0000)]
  0x0000000024e59000 JavaThread "jar transforms Thread 55" [_thread_blocked, id=9252, stack(0x00000000284f0000,0x00000000285f0000)]
  0x0000000024e5f000 JavaThread "jar transforms Thread 54" [_thread_blocked, id=20820, stack(0x00000000283f0000,0x00000000284f0000)]
  0x0000000024e5e800 JavaThread "jar transforms Thread 53" [_thread_blocked, id=18620, stack(0x00000000282f0000,0x00000000283f0000)]
  0x0000000024e58000 JavaThread "jar transforms Thread 52" [_thread_blocked, id=19692, stack(0x00000000281f0000,0x00000000282f0000)]
  0x0000000024e57800 JavaThread "jar transforms Thread 51" [_thread_blocked, id=19100, stack(0x00000000280f0000,0x00000000281f0000)]
  0x0000000024e56800 JavaThread "jar transforms Thread 50" [_thread_blocked, id=7836, stack(0x0000000027ff0000,0x00000000280f0000)]
  0x0000000024e4f000 JavaThread "jar transforms Thread 49" [_thread_blocked, id=19804, stack(0x0000000027ef0000,0x0000000027ff0000)]
  0x0000000024e56000 JavaThread "jar transforms Thread 48" [_thread_blocked, id=18908, stack(0x0000000027df0000,0x0000000027ef0000)]
  0x0000000024e52000 JavaThread "jar transforms Thread 47" [_thread_blocked, id=15340, stack(0x0000000027cf0000,0x0000000027df0000)]
  0x0000000024e53000 JavaThread "jar transforms Thread 46" [_thread_blocked, id=20584, stack(0x0000000027bf0000,0x0000000027cf0000)]
  0x0000000024e4e800 JavaThread "jar transforms Thread 45" [_thread_blocked, id=1136, stack(0x0000000027af0000,0x0000000027bf0000)]
  0x0000000024e55000 JavaThread "jar transforms Thread 44" [_thread_blocked, id=23848, stack(0x00000000279f0000,0x0000000027af0000)]
  0x0000000024e4d800 JavaThread "jar transforms Thread 43" [_thread_blocked, id=13204, stack(0x00000000278f0000,0x00000000279f0000)]
  0x0000000024e50800 JavaThread "jar transforms Thread 42" [_thread_blocked, id=23720, stack(0x00000000277f0000,0x00000000278f0000)]
  0x0000000024e53800 JavaThread "jar transforms Thread 41" [_thread_blocked, id=11176, stack(0x00000000276f0000,0x00000000277f0000)]
  0x0000000024e54800 JavaThread "jar transforms Thread 40" [_thread_blocked, id=984, stack(0x00000000275f0000,0x00000000276f0000)]
  0x0000000024e4d000 JavaThread "jar transforms Thread 39" [_thread_blocked, id=12296, stack(0x00000000274f0000,0x00000000275f0000)]
  0x0000000024e51800 JavaThread "jar transforms Thread 38" [_thread_blocked, id=5928, stack(0x00000000273f0000,0x00000000274f0000)]
  0x0000000024e4a800 JavaThread "jar transforms Thread 37" [_thread_blocked, id=4628, stack(0x00000000272f0000,0x00000000273f0000)]
  0x0000000024e4c000 JavaThread "jar transforms Thread 36" [_thread_blocked, id=15068, stack(0x00000000271f0000,0x00000000272f0000)]
  0x0000000024e4a000 JavaThread "jar transforms Thread 35" [_thread_blocked, id=22100, stack(0x00000000270f0000,0x00000000271f0000)]
  0x0000000024e49000 JavaThread "jar transforms Thread 34" [_thread_blocked, id=9928, stack(0x0000000026ff0000,0x00000000270f0000)]
  0x0000000024e4b800 JavaThread "jar transforms Thread 33" [_thread_blocked, id=12904, stack(0x0000000026ef0000,0x0000000026ff0000)]
  0x0000000024e50000 JavaThread "jar transforms Thread 32" [_thread_blocked, id=23640, stack(0x0000000026df0000,0x0000000026ef0000)]
  0x000000001cc14800 JavaThread "jar transforms Thread 31" [_thread_blocked, id=17116, stack(0x0000000026cf0000,0x0000000026df0000)]
  0x000000001cc13000 JavaThread "jar transforms Thread 30" [_thread_blocked, id=15692, stack(0x0000000026bf0000,0x0000000026cf0000)]
  0x000000001cc14000 JavaThread "jar transforms Thread 29" [_thread_blocked, id=14584, stack(0x0000000026af0000,0x0000000026bf0000)]
  0x000000001cc12800 JavaThread "jar transforms Thread 28" [_thread_blocked, id=3656, stack(0x00000000269f0000,0x0000000026af0000)]
  0x000000001cc11000 JavaThread "jar transforms Thread 27" [_thread_blocked, id=10284, stack(0x00000000268f0000,0x00000000269f0000)]
  0x000000001cc11800 JavaThread "jar transforms Thread 26" [_thread_blocked, id=7964, stack(0x00000000267f0000,0x00000000268f0000)]
  0x000000001cc0a000 JavaThread "Build operations Thread 6" [_thread_blocked, id=25460, stack(0x00000000266f0000,0x00000000267f0000)]
  0x000000001cc10000 JavaThread "Build operations Thread 5" [_thread_blocked, id=17164, stack(0x00000000265f0000,0x00000000266f0000)]
  0x000000001cc09000 JavaThread "Build operations Thread 4" [_thread_blocked, id=1392, stack(0x00000000264f0000,0x00000000265f0000)]
  0x000000001cc08800 JavaThread "Build operations Thread 3" [_thread_blocked, id=19572, stack(0x00000000263f0000,0x00000000264f0000)]
  0x000000001cc0a800 JavaThread "Build operations Thread 2" [_thread_blocked, id=7468, stack(0x00000000262f0000,0x00000000263f0000)]
  0x000000001cc0f800 JavaThread "Build operations" [_thread_blocked, id=22560, stack(0x0000000024850000,0x0000000024950000)]
  0x000000001cc07800 JavaThread "Cache worker for Build Output Cleanup Cache (Q:\Projects\AndroidProjects\youruchet\.gradle\buildOutputCleanup)" [_thread_blocked, id=4872, stack(0x0000000024540000,0x0000000024640000)]
  0x000000001cc0c800 JavaThread "Cache worker for file content cache (C:\Users\Kacu_\.gradle\caches\6.5\fileContent)" [_thread_blocked, id=13428, stack(0x0000000024440000,0x0000000024540000)]
  0x000000001cc06000 JavaThread "Cache worker for execution history cache (C:\Users\Kacu_\.gradle\caches\6.5\executionHistory)" [_thread_blocked, id=8544, stack(0x0000000023f40000,0x0000000024040000)]
  0x000000001cc07000 JavaThread "Cache worker for cache directory md-rule (C:\Users\Kacu_\.gradle\caches\6.5\md-rule)" [_thread_blocked, id=7236, stack(0x0000000023c40000,0x0000000023d40000)]
  0x000000001b8d3000 JavaThread "Cache worker for cache directory md-supplier (C:\Users\Kacu_\.gradle\caches\6.5\md-supplier)" [_thread_blocked, id=24932, stack(0x0000000023b40000,0x0000000023c40000)]
  0x000000001b8d1800 JavaThread "Cache worker for checksums cache (Q:\Projects\AndroidProjects\youruchet\.gradle\checksums)" [_thread_blocked, id=24212, stack(0x0000000021090000,0x0000000021190000)]
  0x000000001b8d2000 JavaThread "jar transforms Thread 25" [_thread_blocked, id=17848, stack(0x0000000023a40000,0x0000000023b40000)]
  0x000000001b8ca000 JavaThread "jar transforms Thread 24" [_thread_blocked, id=20264, stack(0x0000000023940000,0x0000000023a40000)]
  0x000000001b8d0800 JavaThread "jar transforms Thread 23" [_thread_blocked, id=6892, stack(0x0000000023840000,0x0000000023940000)]
  0x000000001b8ce800 JavaThread "jar transforms Thread 22" [_thread_blocked, id=12220, stack(0x0000000023740000,0x0000000023840000)]
  0x000000001b8cf000 JavaThread "jar transforms Thread 21" [_thread_blocked, id=8788, stack(0x0000000023640000,0x0000000023740000)]
  0x000000001b8cd000 JavaThread "jar transforms Thread 20" [_thread_blocked, id=15388, stack(0x0000000023540000,0x0000000023640000)]
  0x000000001b8d0000 JavaThread "jar transforms Thread 19" [_thread_blocked, id=11228, stack(0x0000000023440000,0x0000000023540000)]
  0x000000001b8cc000 JavaThread "jar transforms Thread 18" [_thread_blocked, id=25064, stack(0x0000000023340000,0x0000000023440000)]
  0x000000001b8c9000 JavaThread "jar transforms Thread 17" [_thread_blocked, id=15400, stack(0x0000000023140000,0x0000000023240000)]
  0x000000001b8cb800 JavaThread "jar transforms Thread 16" [_thread_blocked, id=9096, stack(0x0000000023040000,0x0000000023140000)]
  0x000000001b8cd800 JavaThread "jar transforms Thread 15" [_thread_blocked, id=5544, stack(0x0000000022f40000,0x0000000023040000)]
  0x000000001b8ca800 JavaThread "jar transforms Thread 14" [_thread_blocked, id=25392, stack(0x0000000022e40000,0x0000000022f40000)]
  0x000000001b8c4000 JavaThread "jar transforms Thread 13" [_thread_blocked, id=25480, stack(0x0000000022d40000,0x0000000022e40000)]
  0x000000001b8c8800 JavaThread "jar transforms Thread 12" [_thread_blocked, id=8608, stack(0x0000000022c40000,0x0000000022d40000)]
  0x000000001b8c7000 JavaThread "jar transforms Thread 11" [_thread_blocked, id=22792, stack(0x0000000022b40000,0x0000000022c40000)]
  0x000000001b8c4800 JavaThread "jar transforms Thread 10" [_thread_blocked, id=15424, stack(0x0000000022a40000,0x0000000022b40000)]
  0x000000001b8c5800 JavaThread "jar transforms Thread 9" [_thread_blocked, id=16396, stack(0x0000000022940000,0x0000000022a40000)]
  0x000000001b8c7800 JavaThread "jar transforms Thread 8" [_thread_blocked, id=13436, stack(0x0000000022840000,0x0000000022940000)]
  0x000000001b8c6000 JavaThread "jar transforms Thread 7" [_thread_blocked, id=884, stack(0x0000000022740000,0x0000000022840000)]
  0x000000001c592000 JavaThread "jar transforms Thread 6" [_thread_blocked, id=21240, stack(0x0000000022640000,0x0000000022740000)]
  0x000000001c591800 JavaThread "jar transforms Thread 5" [_thread_blocked, id=11384, stack(0x0000000022540000,0x0000000022640000)]
  0x000000001c58d000 JavaThread "jar transforms Thread 4" [_thread_blocked, id=19128, stack(0x0000000022440000,0x0000000022540000)]
  0x000000001c590000 JavaThread "jar transforms Thread 3" [_thread_blocked, id=21008, stack(0x0000000022340000,0x0000000022440000)]
  0x000000001c58e800 JavaThread "jar transforms Thread 2" [_thread_blocked, id=12328, stack(0x0000000022240000,0x0000000022340000)]
  0x000000001c590800 JavaThread "jar transforms" [_thread_blocked, id=21436, stack(0x0000000020d70000,0x0000000020e70000)]
  0x000000001c58b800 JavaThread "Cache worker for file hash cache (Q:\Projects\AndroidProjects\youruchet\.gradle\6.5\fileHashes)" [_thread_blocked, id=20684, stack(0x000000001e800000,0x000000001e900000)]
  0x000000001c58f000 JavaThread "Cache worker for file hash cache (C:\Users\Kacu_\.gradle\caches\6.5\fileHashes)" [_thread_blocked, id=20324, stack(0x000000001e700000,0x000000001e800000)]
  0x000000001c58c000 JavaThread "File lock request listener" [_thread_in_native, id=6692, stack(0x000000001e600000,0x000000001e700000)]
  0x000000001a0bf000 JavaThread "Cache worker for journal cache (C:\Users\Kacu_\.gradle\caches\journal-1)" [_thread_blocked, id=9900, stack(0x000000001e500000,0x000000001e600000)]
  0x000000001c60f000 JavaThread "Thread-9" [_thread_blocked, id=15456, stack(0x000000001e200000,0x000000001e300000)]
  0x000000001c5f4800 JavaThread "Stdin handler" [_thread_blocked, id=14188, stack(0x000000001e100000,0x000000001e200000)]
  0x000000001c5d6800 JavaThread "Asynchronous log dispatcher for DefaultDaemonConnection: socket connection from /127.0.0.1:64663 to /127.0.0.1:64664" [_thread_blocked, id=22388, stack(0x000000001e000000,0x000000001e100000)]
  0x000000001c5c9800 JavaThread "Daemon worker" [_thread_in_native, id=23924, stack(0x000000001df00000,0x000000001e000000)]
  0x000000001c5c8000 JavaThread "Cancel handler" [_thread_blocked, id=20388, stack(0x000000001de00000,0x000000001df00000)]
  0x000000001c53b800 JavaThread "Handler for socket connection from /127.0.0.1:64663 to /127.0.0.1:64664" [_thread_in_native, id=1080, stack(0x000000001dd00000,0x000000001de00000)]
  0x000000001c539000 JavaThread "Daemon" [_thread_blocked, id=22660, stack(0x000000001da00000,0x000000001db00000)]
  0x000000001c52e000 JavaThread "Daemon periodic checks" [_thread_blocked, id=6576, stack(0x000000001d900000,0x000000001da00000)]
  0x000000001c4d1800 JavaThread "Incoming local TCP Connector on port 64663" [_thread_in_native, id=11284, stack(0x000000001d6b0000,0x000000001d7b0000)]
  0x000000001c443000 JavaThread "Daemon health stats" [_thread_blocked, id=23668, stack(0x000000001be70000,0x000000001bf70000)]
  0x000000001a018000 JavaThread "Service Thread" daemon [_thread_blocked, id=21692, stack(0x000000001a4a0000,0x000000001a5a0000)]
  0x0000000018111800 JavaThread "C1 CompilerThread2" daemon [_thread_blocked, id=20076, stack(0x000000001a3a0000,0x000000001a4a0000)]
=>0x000000001810f000 JavaThread "C2 CompilerThread1" daemon [_thread_in_native, id=5908, stack(0x0000000019ea0000,0x0000000019fa0000)]
  0x000000001810b800 JavaThread "C2 CompilerThread0" daemon [_thread_in_native, id=8832, stack(0x0000000019da0000,0x0000000019ea0000)]
  0x0000000018109800 JavaThread "Attach Listener" daemon [_thread_blocked, id=23780, stack(0x0000000019ca0000,0x0000000019da0000)]
  0x0000000018105800 JavaThread "Signal Dispatcher" daemon [_thread_blocked, id=22232, stack(0x0000000019ba0000,0x0000000019ca0000)]
  0x000000000329a800 JavaThread "Finalizer" daemon [_thread_blocked, id=24868, stack(0x0000000019990000,0x0000000019a90000)]
  0x00000000180eb800 JavaThread "Reference Handler" daemon [_thread_blocked, id=21428, stack(0x0000000019890000,0x0000000019990000)]
  0x000000000181d800 JavaThread "main" [_thread_blocked, id=22608, stack(0x00000000030a0000,0x00000000031a0000)]

Other Threads:
  0x00000000180c6800 VMThread [stack: 0x0000000019790000,0x0000000019890000] [id=8012]
  0x000000001811e800 WatcherThread [stack: 0x000000001a5a0000,0x000000001a6a0000] [id=2652]

VM state:not at safepoint (normal execution)

VM Mutex/Monitor currently owned by a thread: None

heap address: 0x0000000080000000, size: 2048 MB, Compressed Oops mode: 32-bit
Narrow klass base: 0x0000000000000000, Narrow klass shift: 3
Compressed class space size: 1073741824 Address: 0x0000000100000000

Heap:
 PSYoungGen      total 379904K, used 114355K [0x00000000d5580000, 0x00000000ee480000, 0x0000000100000000)
  eden space 360448K, 26% used [0x00000000d5580000,0x00000000db234b48,0x00000000eb580000)
  from space 19456K, 99% used [0x00000000ece00000,0x00000000ee0f83b8,0x00000000ee100000)
  to   space 24064K, 0% used [0x00000000eb580000,0x00000000eb580000,0x00000000ecd00000)
 ParOldGen       total 124416K, used 45116K [0x0000000080000000, 0x0000000087980000, 0x00000000d5580000)
  object space 124416K, 36% used [0x0000000080000000,0x0000000082c0f000,0x0000000087980000)
 Metaspace       used 80096K, capacity 84204K, committed 84440K, reserved 1122304K
  class space    used 10737K, capacity 11503K, committed 11520K, reserved 1048576K

Card table byte_map: [0x0000000012660000,0x0000000012a70000] byte_map_base: 0x0000000012260000

Marking Bits: (ParMarkBitMap*) 0x000000006910f030
 Begin Bits: [0x0000000013320000, 0x0000000015320000)
 End Bits:   [0x0000000015320000, 0x0000000017320000)

Polling page: 0x00000000017e0000

CodeCache: size=245760Kb used=30068Kb max_used=30068Kb free=215691Kb
 bounds [0x00000000032a0000, 0x0000000005030000, 0x00000000122a0000]
 total_blobs=10002 nmethods=9136 adapters=779
 compilation: enabled

Compilation events (10 events):
Event: 30.966 Thread 0x0000000018111800 10813   !   2       org.gradle.api.internal.artifacts.ivyservice.resolveengine.graph.builder.SelectorState::resolve (119 bytes)
Event: 30.967 Thread 0x0000000018111800 nmethod 10813 0x000000000501fa90 code [0x000000000501fc40, 0x00000000050200e8]
Event: 30.967 Thread 0x0000000018111800 10814       2       org.gradle.api.internal.artifacts.ivyservice.resolveengine.graph.builder.SelectorState::requiresResolve (63 bytes)
Event: 30.967 Thread 0x0000000018111800 nmethod 10814 0x0000000005020450 code [0x00000000050205e0, 0x0000000005020898]
Event: 30.967 Thread 0x0000000018111800 10815       2       org.gradle.api.internal.artifacts.ivyservice.resolveengine.graph.selectors.SelectorStateResolverResults::componentForIdResolveResult (42 bytes)
Event: 30.967 Thread 0x0000000018111800 nmethod 10815 0x0000000005020a10 code [0x0000000005020ba0, 0x0000000005020e28]
Event: 30.967 Thread 0x0000000018111800 10816       2       org.gradle.internal.resolve.result.DefaultBuildableComponentIdResolveResult::getMetadata (9 bytes)
Event: 30.967 Thread 0x0000000018111800 nmethod 10816 0x0000000005021010 code [0x0000000005021180, 0x00000000050213a8]
Event: 30.967 Thread 0x0000000018111800 10817       2       org.gradle.api.internal.artifacts.ivyservice.resolveengine.graph.builder.ResolveState::getRevision (8 bytes)
Event: 30.968 Thread 0x0000000018111800 nmethod 10817 0x00000000050214d0 code [0x0000000005021660, 0x0000000005021998]

GC Heap History (10 events):
Event: 3.686 GC heap before
{Heap before GC invocations=9 (full 2):
 PSYoungGen      total 240640K, used 227840K [0x00000000d5580000, 0x00000000e5000000, 0x0000000100000000)
  eden space 227840K, 100% used [0x00000000d5580000,0x00000000e3400000,0x00000000e3400000)
  from space 12800K, 0% used [0x00000000e4380000,0x00000000e4380000,0x00000000e5000000)
  to   space 14336K, 0% used [0x00000000e3400000,0x00000000e3400000,0x00000000e4200000)
 ParOldGen       total 124416K, used 14314K [0x0000000080000000, 0x0000000087980000, 0x00000000d5580000)
  object space 124416K, 11% used [0x0000000080000000,0x0000000080dfa818,0x0000000087980000)
 Metaspace       used 47310K, capacity 49382K, committed 49624K, reserved 1091584K
  class space    used 6409K, capacity 6851K, committed 6912K, reserved 1048576K
Event: 3.700 GC heap after
Heap after GC invocations=9 (full 2):
 PSYoungGen      total 242176K, used 14323K [0x00000000d5580000, 0x00000000ee100000, 0x0000000100000000)
  eden space 227840K, 0% used [0x00000000d5580000,0x00000000d5580000,0x00000000e3400000)
  from space 14336K, 99% used [0x00000000e3400000,0x00000000e41fcdc8,0x00000000e4200000)
  to   space 19456K, 0% used [0x00000000ece00000,0x00000000ece00000,0x00000000ee100000)
 ParOldGen       total 124416K, used 20057K [0x0000000080000000, 0x0000000087980000, 0x00000000d5580000)
  object space 124416K, 16% used [0x0000000080000000,0x0000000081396428,0x0000000087980000)
 Metaspace       used 47310K, capacity 49382K, committed 49624K, reserved 1091584K
  class space    used 6409K, capacity 6851K, committed 6912K, reserved 1048576K
}
Event: 4.367 GC heap before
{Heap before GC invocations=10 (full 2):
 PSYoungGen      total 242176K, used 119430K [0x00000000d5580000, 0x00000000ee100000, 0x0000000100000000)
  eden space 227840K, 46% used [0x00000000d5580000,0x00000000dbc24b28,0x00000000e3400000)
  from space 14336K, 99% used [0x00000000e3400000,0x00000000e41fcdc8,0x00000000e4200000)
  to   space 19456K, 0% used [0x00000000ece00000,0x00000000ece00000,0x00000000ee100000)
 ParOldGen       total 124416K, used 20057K [0x0000000080000000, 0x0000000087980000, 0x00000000d5580000)
  object space 124416K, 16% used [0x0000000080000000,0x0000000081396428,0x0000000087980000)
 Metaspace       used 56396K, capacity 58734K, committed 58968K, reserved 1099776K
  class space    used 7468K, capacity 7951K, committed 8064K, reserved 1048576K
Event: 4.379 GC heap after
Heap after GC invocations=10 (full 2):
 PSYoungGen      total 379904K, used 19455K [0x00000000d5580000, 0x00000000ee480000, 0x0000000100000000)
  eden space 360448K, 0% used [0x00000000d5580000,0x00000000d5580000,0x00000000eb580000)
  from space 19456K, 99% used [0x00000000ece00000,0x00000000ee0ffd78,0x00000000ee100000)
  to   space 24064K, 0% used [0x00000000eb580000,0x00000000eb580000,0x00000000ecd00000)
 ParOldGen       total 124416K, used 23877K [0x0000000080000000, 0x0000000087980000, 0x00000000d5580000)
  object space 124416K, 19% used [0x0000000080000000,0x0000000081751448,0x0000000087980000)
 Metaspace       used 56396K, capacity 58734K, committed 58968K, reserved 1099776K
  class space    used 7468K, capacity 7951K, committed 8064K, reserved 1048576K
}
Event: 4.379 GC heap before
{Heap before GC invocations=11 (full 3):
 PSYoungGen      total 379904K, used 19455K [0x00000000d5580000, 0x00000000ee480000, 0x0000000100000000)
  eden space 360448K, 0% used [0x00000000d5580000,0x00000000d5580000,0x00000000eb580000)
  from space 19456K, 99% used [0x00000000ece00000,0x00000000ee0ffd78,0x00000000ee100000)
  to   space 24064K, 0% used [0x00000000eb580000,0x00000000eb580000,0x00000000ecd00000)
 ParOldGen       total 124416K, used 23877K [0x0000000080000000, 0x0000000087980000, 0x00000000d5580000)
  object space 124416K, 19% used [0x0000000080000000,0x0000000081751448,0x0000000087980000)
 Metaspace       used 56396K, capacity 58734K, committed 58968K, reserved 1099776K
  class space    used 7468K, capacity 7951K, committed 8064K, reserved 1048576K
Event: 4.508 GC heap after
Heap after GC invocations=11 (full 3):
 PSYoungGen      total 379904K, used 0K [0x00000000d5580000, 0x00000000ee480000, 0x0000000100000000)
  eden space 360448K, 0% used [0x00000000d5580000,0x00000000d5580000,0x00000000eb580000)
  from space 19456K, 0% used [0x00000000ece00000,0x00000000ece00000,0x00000000ee100000)
  to   space 24064K, 0% used [0x00000000eb580000,0x00000000eb580000,0x00000000ecd00000)
 ParOldGen       total 124416K, used 35602K [0x0000000080000000, 0x0000000087980000, 0x00000000d5580000)
  object space 124416K, 28% used [0x0000000080000000,0x00000000822c4828,0x0000000087980000)
 Metaspace       used 56338K, capacity 58544K, committed 58968K, reserved 1099776K
  class space    used 7451K, capacity 7926K, committed 8064K, reserved 1048576K
}
Event: 21.675 GC heap before
{Heap before GC invocations=12 (full 3):
 PSYoungGen      total 379904K, used 360448K [0x00000000d5580000, 0x00000000ee480000, 0x0000000100000000)
  eden space 360448K, 100% used [0x00000000d5580000,0x00000000eb580000,0x00000000eb580000)
  from space 19456K, 0% used [0x00000000ece00000,0x00000000ece00000,0x00000000ee100000)
  to   space 24064K, 0% used [0x00000000eb580000,0x00000000eb580000,0x00000000ecd00000)
 ParOldGen       total 124416K, used 35602K [0x0000000080000000, 0x0000000087980000, 0x00000000d5580000)
  object space 124416K, 28% used [0x0000000080000000,0x00000000822c4828,0x0000000087980000)
 Metaspace       used 68988K, capacity 71836K, committed 72024K, reserved 1112064K
  class space    used 9248K, capacity 9828K, committed 9856K, reserved 1048576K
Event: 21.689 GC heap after
Heap after GC invocations=12 (full 3):
 PSYoungGen      total 384512K, used 17343K [0x00000000d5580000, 0x00000000ee480000, 0x0000000100000000)
  eden space 360448K, 0% used [0x00000000d5580000,0x00000000d5580000,0x00000000eb580000)
  from space 24064K, 72% used [0x00000000eb580000,0x00000000ec66fd90,0x00000000ecd00000)
  to   space 19456K, 0% used [0x00000000ece00000,0x00000000ece00000,0x00000000ee100000)
 ParOldGen       total 124416K, used 35610K [0x0000000080000000, 0x0000000087980000, 0x00000000d5580000)
  object space 124416K, 28% used [0x0000000080000000,0x00000000822c6828,0x0000000087980000)
 Metaspace       used 68988K, capacity 71836K, committed 72024K, reserved 1112064K
  class space    used 9248K, capacity 9828K, committed 9856K, reserved 1048576K
}
Event: 30.845 GC heap before
{Heap before GC invocations=13 (full 3):
 PSYoungGen      total 384512K, used 377791K [0x00000000d5580000, 0x00000000ee480000, 0x0000000100000000)
  eden space 360448K, 100% used [0x00000000d5580000,0x00000000eb580000,0x00000000eb580000)
  from space 24064K, 72% used [0x00000000eb580000,0x00000000ec66fd90,0x00000000ecd00000)
  to   space 19456K, 0% used [0x00000000ece00000,0x00000000ece00000,0x00000000ee100000)
 ParOldGen       total 124416K, used 35610K [0x0000000080000000, 0x0000000087980000, 0x00000000d5580000)
  object space 124416K, 28% used [0x0000000080000000,0x00000000822c6828,0x0000000087980000)
 Metaspace       used 79491K, capacity 83528K, committed 83672K, reserved 1122304K
  class space    used 10679K, capacity 11433K, committed 11520K, reserved 1048576K
Event: 30.860 GC heap after
Heap after GC invocations=13 (full 3):
 PSYoungGen      total 379904K, used 19424K [0x00000000d5580000, 0x00000000ee480000, 0x0000000100000000)
  eden space 360448K, 0% used [0x00000000d5580000,0x00000000d5580000,0x00000000eb580000)
  from space 19456K, 99% used [0x00000000ece00000,0x00000000ee0f83b8,0x00000000ee100000)
  to   space 24064K, 0% used [0x00000000eb580000,0x00000000eb580000,0x00000000ecd00000)
 ParOldGen       total 124416K, used 45116K [0x0000000080000000, 0x0000000087980000, 0x00000000d5580000)
  object space 124416K, 36% used [0x0000000080000000,0x0000000082c0f000,0x0000000087980000)
 Metaspace       used 79491K, capacity 83528K, committed 83672K, reserved 1122304K
  class space    used 10679K, capacity 11433K, committed 11520K, reserved 1048576K
}

Deoptimization events (10 events):
Event: 30.756 Thread 0x000000001c5c9800 Uncommon trap: reason=class_check action=maybe_recompile pc=0x0000000004b98530 method=org.gradle.api.internal.artifacts.ivyservice.dependencysubstitution.DefaultDependencySubstitutions$ModuleMatchDependencySubstitutionAction.execute(Lorg/gradle/api/artifa
Event: 30.775 Thread 0x000000001c5c9800 Uncommon trap: reason=bimorphic action=maybe_recompile pc=0x0000000004d9bc8c method=com.google.common.collect.ImmutableList.copyOf(Ljava/util/Collection;)Lcom/google/common/collect/ImmutableList; @ 11
Event: 30.779 Thread 0x000000001cc0a800 Uncommon trap: reason=unstable_if action=reinterpret pc=0x0000000004c6013c method=java.io.PushbackInputStream.read([BII)I @ 122
Event: 30.779 Thread 0x000000001cc0a800 Uncommon trap: reason=unstable_if action=reinterpret pc=0x0000000004c83310 method=java.io.PushbackInputStream.read([BII)I @ 122
Event: 30.830 Thread 0x000000001c5c9800 Uncommon trap: reason=bimorphic action=maybe_recompile pc=0x0000000004d9bc8c method=com.google.common.collect.ImmutableList.copyOf(Ljava/util/Collection;)Lcom/google/common/collect/ImmutableList; @ 11
Event: 30.831 Thread 0x000000001c5c9800 Uncommon trap: reason=bimorphic action=maybe_recompile pc=0x0000000004d9bc8c method=com.google.common.collect.ImmutableList.copyOf(Ljava/util/Collection;)Lcom/google/common/collect/ImmutableList; @ 11
Event: 30.832 Thread 0x000000001c5c9800 Uncommon trap: reason=bimorphic action=maybe_recompile pc=0x0000000004d9bc8c method=com.google.common.collect.ImmutableList.copyOf(Ljava/util/Collection;)Lcom/google/common/collect/ImmutableList; @ 11
Event: 30.909 Thread 0x000000001c5c9800 Uncommon trap: reason=null_check action=make_not_entrant pc=0x0000000004f5a418 method=org.gradle.tooling.internal.provider.runner.SubtreeFilteringBuildOperationListener.started(Lorg/gradle/internal/operations/BuildOperationDescriptor;Lorg/gradle/internal/
Event: 30.916 Thread 0x000000001cc0a800 Uncommon trap: reason=bimorphic action=maybe_recompile pc=0x00000000037bf9fc method=java.util.regex.Pattern$Slice.match(Ljava/util/regex/Matcher;ILjava/lang/CharSequence;)Z @ 75
Event: 30.916 Thread 0x000000001cc0a800 Uncommon trap: reason=bimorphic action=maybe_recompile pc=0x00000000037bf9fc method=java.util.regex.Pattern$Slice.match(Ljava/util/regex/Matcher;ILjava/lang/CharSequence;)Z @ 75

Classes redefined (0 events):
No events

Internal exceptions (10 events):
Event: 30.801 Thread 0x000000001cc10000 Exception <a 'sun/nio/fs/WindowsException'> (0x00000000eae97140) thrown at [C:\src\AOSP-openjdk-git\hotspot\src\share\vm\prims\jni.cpp, line 710]
Event: 30.881 Thread 0x000000001cc09000 Exception <a 'sun/nio/fs/WindowsException'> (0x00000000d65810b0) thrown at [C:\src\AOSP-openjdk-git\hotspot\src\share\vm\prims\jni.cpp, line 710]
Event: 30.881 Thread 0x000000001cc0f800 Exception <a 'sun/nio/fs/WindowsException'> (0x00000000d65f24c8) thrown at [C:\src\AOSP-openjdk-git\hotspot\src\share\vm\prims\jni.cpp, line 710]
Event: 30.908 Thread 0x000000001cc0a000 Exception <a 'sun/nio/fs/WindowsException'> (0x00000000d867fe30) thrown at [C:\src\AOSP-openjdk-git\hotspot\src\share\vm\prims\jni.cpp, line 710]
Event: 30.909 Thread 0x000000001c5c9800 Implicit null exception at 0x0000000004f59af7 to 0x0000000004f5a3f1
Event: 30.913 Thread 0x000000001cc10000 Exception <a 'sun/nio/fs/WindowsException'> (0x00000000d8bb7fb0) thrown at [C:\src\AOSP-openjdk-git\hotspot\src\share\vm\prims\jni.cpp, line 710]
Event: 30.919 Thread 0x000000001cc0a800 Exception <a 'sun/nio/fs/WindowsException'> (0x00000000d9081a50) thrown at [C:\src\AOSP-openjdk-git\hotspot\src\share\vm\prims\jni.cpp, line 710]
Event: 30.937 Thread 0x000000001c5c9800 Exception <a 'sun/nio/fs/WindowsException'> (0x00000000d98bfec8) thrown at [C:\src\AOSP-openjdk-git\hotspot\src\share\vm\prims\jni.cpp, line 710]
Event: 30.958 Thread 0x000000001cc08800 Exception <a 'sun/nio/fs/WindowsException'> (0x00000000dace9280) thrown at [C:\src\AOSP-openjdk-git\hotspot\src\share\vm\prims\jni.cpp, line 710]
Event: 30.964 Thread 0x000000001c5c9800 Exception <a 'java/lang/NoSuchMethodError': java.lang.Object.lambda$negate$1(Ljava/lang/Object;)Z> (0x00000000d9904800) thrown at [C:\src\AOSP-openjdk-git\hotspot\src\share\vm\interpreter\linkResolver.cpp, line 620]

Events (10 events):
Event: 30.973 loading class org/gradle/api/internal/artifacts/repositories/resolver/ResourcePattern
Event: 30.973 loading class org/gradle/api/internal/artifacts/repositories/resolver/ResourcePattern done
Event: 30.973 loading class org/gradle/api/artifacts/ModuleIdentifier
Event: 30.973 loading class org/gradle/api/artifacts/ModuleIdentifier done
Event: 30.973 loading class org/gradle/api/internal/artifacts/repositories/maven/MavenVersionLister
Event: 30.973 loading class org/gradle/api/internal/artifacts/repositories/maven/MavenVersionLister done
Event: 30.974 loading class org/gradle/api/internal/artifacts/repositories/maven/MavenMetadata
Event: 30.974 loading class org/gradle/api/internal/artifacts/repositories/maven/MavenMetadata done
Event: 30.974 loading class org/gradle/api/internal/artifacts/repositories/maven/MavenMetadataLoader$1
Event: 30.974 loading class org/gradle/api/internal/artifacts/repositories/maven/MavenMetadataLoader$1 done


Dynamic libraries:
0x00007ff715e70000 - 0x00007ff715ea1000 	Q:\Programs\AndroidStudio\jre\bin\java.exe
0x00007ffe6b070000 - 0x00007ffe6b265000 	C:\Windows\SYSTEM32\ntdll.dll
0x00007ffe6a0f0000 - 0x00007ffe6a1ad000 	C:\Windows\System32\KERNEL32.DLL
0x00007ffe68b70000 - 0x00007ffe68e39000 	C:\Windows\System32\KERNELBASE.dll
0x00007ffe69750000 - 0x00007ffe697fc000 	C:\Windows\System32\ADVAPI32.dll
0x00007ffe69be0000 - 0x00007ffe69c7e000 	C:\Windows\System32\msvcrt.dll
0x00007ffe6aec0000 - 0x00007ffe6af5c000 	C:\Windows\System32\sechost.dll
0x00007ffe69540000 - 0x00007ffe6966b000 	C:\Windows\System32\RPCRT4.dll
0x00007ffe69d80000 - 0x00007ffe69f20000 	C:\Windows\System32\USER32.dll
0x00007ffe687b0000 - 0x00007ffe687d2000 	C:\Windows\System32\win32u.dll
0x00007ffe69860000 - 0x00007ffe6988a000 	C:\Windows\System32\GDI32.dll
0x00007ffe689c0000 - 0x00007ffe68acb000 	C:\Windows\System32\gdi32full.dll
0x00007ffe68ad0000 - 0x00007ffe68b6d000 	C:\Windows\System32\msvcp_win.dll
0x00007ffe68ec0000 - 0x00007ffe68fc0000 	C:\Windows\System32\ucrtbase.dll
0x00007ffe52830000 - 0x00007ffe52aca000 	C:\Windows\WinSxS\amd64_microsoft.windows.common-controls_6595b64144ccf1df_6.0.19041.844_none_ca00b6081b84eb1d\COMCTL32.dll
0x00007ffe6aa80000 - 0x00007ffe6aab0000 	C:\Windows\System32\IMM32.DLL
0x0000000068780000 - 0x0000000068852000 	Q:\Programs\AndroidStudio\jre\jre\bin\msvcr100.dll
0x0000000068940000 - 0x000000006918b000 	Q:\Programs\AndroidStudio\jre\jre\bin\server\jvm.dll
0x00007ffe69c80000 - 0x00007ffe69c88000 	C:\Windows\System32\PSAPI.DLL
0x00007ffe65fe0000 - 0x00007ffe65fe9000 	C:\Windows\SYSTEM32\WSOCK32.dll
0x00007ffe5cf00000 - 0x00007ffe5cf27000 	C:\Windows\SYSTEM32\WINMM.dll
0x00007ffe607a0000 - 0x00007ffe607aa000 	C:\Windows\SYSTEM32\VERSION.dll
0x00007ffe69cb0000 - 0x00007ffe69d1b000 	C:\Windows\System32\WS2_32.dll
0x00007ffe63120000 - 0x00007ffe6312f000 	Q:\Programs\AndroidStudio\jre\jre\bin\verify.dll
0x00007ffe55660000 - 0x00007ffe55689000 	Q:\Programs\AndroidStudio\jre\jre\bin\java.dll
0x00007ffe5b890000 - 0x00007ffe5b8a6000 	Q:\Programs\AndroidStudio\jre\jre\bin\zip.dll
0x00007ffe6a1b0000 - 0x00007ffe6a8f2000 	C:\Windows\System32\SHELL32.dll
0x00007ffe66930000 - 0x00007ffe670c0000 	C:\Windows\SYSTEM32\windows.storage.dll
0x00007ffe6aab0000 - 0x00007ffe6ae05000 	C:\Windows\System32\combase.dll
0x00007ffe68220000 - 0x00007ffe6824c000 	C:\Windows\SYSTEM32\Wldp.dll
0x00007ffe6ae10000 - 0x00007ffe6aebe000 	C:\Windows\System32\SHCORE.dll
0x00007ffe69d20000 - 0x00007ffe69d75000 	C:\Windows\System32\shlwapi.dll
0x00007ffe686f0000 - 0x00007ffe6870f000 	C:\Windows\SYSTEM32\profapi.dll
0x00007ffe54990000 - 0x00007ffe549aa000 	Q:\Programs\AndroidStudio\jre\jre\bin\net.dll
0x00007ffe67fa0000 - 0x00007ffe6800a000 	C:\Windows\system32\mswsock.dll
0x00007ffe54900000 - 0x00007ffe54913000 	Q:\Programs\AndroidStudio\jre\jre\bin\nio.dll
0x00007ffe555b0000 - 0x00007ffe555d7000 	C:\Users\Kacu_\.gradle\native\f6784746aeab05261644944871eae4fe03e0ef1612fff0a4a95f87b438bc6780\windows-amd64\native-platform.dll
0x00007ffe5e190000 - 0x00007ffe5e19d000 	Q:\Programs\AndroidStudio\jre\jre\bin\management.dll
0x00007ffe68170000 - 0x00007ffe68188000 	C:\Windows\SYSTEM32\CRYPTSP.dll
0x00007ffe678d0000 - 0x00007ffe67904000 	C:\Windows\system32\rsaenh.dll
0x00007ffe68e90000 - 0x00007ffe68eb7000 	C:\Windows\System32\bcrypt.dll
0x00007ffe68670000 - 0x00007ffe6869e000 	C:\Windows\SYSTEM32\USERENV.dll
0x00007ffe68940000 - 0x00007ffe689c0000 	C:\Windows\System32\bcryptprimitives.dll
0x00007ffe68190000 - 0x00007ffe6819c000 	C:\Windows\SYSTEM32\CRYPTBASE.dll
0x00007ffe67c40000 - 0x00007ffe67c7b000 	C:\Windows\SYSTEM32\IPHLPAPI.DLL
0x00007ffe69fa0000 - 0x00007ffe69fa8000 	C:\Windows\System32\NSI.dll
0x00007ffe61de0000 - 0x00007ffe61df7000 	C:\Windows\SYSTEM32\dhcpcsvc6.DLL
0x00007ffe61dc0000 - 0x00007ffe61ddd000 	C:\Windows\SYSTEM32\dhcpcsvc.DLL
0x00007ffe67c80000 - 0x00007ffe67d4b000 	C:\Windows\SYSTEM32\DNSAPI.dll
0x00007ffe61ed0000 - 0x00007ffe61edb000 	C:\Windows\SYSTEM32\WINNSI.DLL
0x00007ffe4cdb0000 - 0x00007ffe4cdd4000 	Q:\Programs\AndroidStudio\jre\jre\bin\sunec.dll
0x00007ffe61160000 - 0x00007ffe6116a000 	C:\Windows\System32\rasadhlp.dll
0x00007ffe60010000 - 0x00007ffe6008f000 	C:\Windows\System32\fwpuclnt.dll
0x00007ffe5b840000 - 0x00007ffe5b84b000 	Q:\Programs\AndroidStudio\jre\jre\bin\sunmscapi.dll
0x00007ffe687e0000 - 0x00007ffe6893f000 	C:\Windows\System32\CRYPT32.dll
0x00007ffe67500000 - 0x00007ffe67533000 	C:\Windows\SYSTEM32\ntmarta.dll

VM Arguments:
jvm_args: -Xmx2048m -Dfile.encoding=UTF-8 -Duser.country=RU -Duser.language=ru -Duser.variant 
java_command: org.gradle.launcher.daemon.bootstrap.GradleDaemon 6.5
java_class_path (initial): C:\Users\Kacu_\.gradle\wrapper\dists\gradle-6.5-bin\6nifqtx7604sqp1q6g8wikw7p\gradle-6.5\lib\gradle-launcher-6.5.jar
Launcher Type: SUN_STANDARD

Environment Variables:
PATH=C:\Program Files (x86)\Common Files\Intel\Shared Libraries\redist\intel64\compiler;C:\Windows\system32;C:\Windows;C:\Windows\System32\Wbem;C:\Windows\System32\WindowsPowerShell\v1.0\;C:\Windows\System32\OpenSSH\;C:\Users\Kacu_\AppData\Local\Microsoft\WindowsApps;;Q:\Programs\Microsoft VS Code\bin
USERNAME=Kacu_
OS=Windows_NT
PROCESSOR_IDENTIFIER=Intel64 Family 6 Model 158 Stepping 10, GenuineIntel



---------------  S Y S T E M  ---------------

OS: Windows 10.0 , 64 bit Build 19041 (10.0.19041.804)

CPU:total 6 (initial active 6) (6 cores per cpu, 1 threads per core) family 6 model 158 stepping 10, cmov, cx8, fxsr, mmx, sse, sse2, sse3, ssse3, sse4.1, sse4.2, popcnt, avx, avx2, aes, clmul, erms, 3dnowpref, lzcnt, tsc, tscinvbit, bmi1, bmi2, adx

Memory: 4k page, physical 16663832k(7032872k free), swap 25838944k(5724k free)

vm_info: OpenJDK 64-Bit Server VM (25.242-b01) for windows-amd64 JRE (1.8.0_242-release-1644-b01), built by "builder" with MS VC++ 10.0 (VS2010)

time: Wed Mar 03 14:36:38 2021
timezone: RTZ 6 (зима)
elapsed time: 31 seconds (0d 0h 0m 31s)

