#
# There is insufficient memory for the Java Runtime Environment to continue.
# Native memory allocation (malloc) failed to allocate 1253136 bytes for Chunk::new
# Possible reasons:
#   The system is out of physical RAM or swap space
#   The process is running with CompressedOops enabled, and the Java Heap may be blocking the growth of the native heap
# Possible solutions:
#   Reduce memory load on the system
#   Increase physical memory or swap space
#   Check if swap backing store is full
#   Decrease Java heap size (-Xmx/-Xms)
#   Decrease number of Java threads
#   Decrease Java thread stack sizes (-Xss)
#   Set larger code cache with -XX:ReservedCodeCacheSize=
#   JVM is running with Unscaled Compressed Oops mode in which the Java heap is
#     placed in the first 4GB address space. The Java Heap base address is the
#     maximum limit for the native heap growth. Please use -XX:HeapBaseMinAddress
#     to set the Java Heap base and to place the Java Heap above 4GB virtual address.
# This output file may be truncated or incomplete.
#
#  Out of Memory Error (allocation.cpp:389), pid=21948, tid=0x0000000000000430
#
# JRE version: OpenJDK Runtime Environment (8.0_242-b01) (build 1.8.0_242-release-1644-b01)
# Java VM: OpenJDK 64-Bit Server VM (25.242-b01 mixed mode windows-amd64 compressed oops)
# Failed to write core dump. Minidumps are not enabled by default on client versions of Windows
#

---------------  T H R E A D  ---------------

Current thread (0x000000001765b800):  JavaThread "C2 CompilerThread0" daemon [_thread_in_native, id=1072, stack(0x00000000192d0000,0x00000000193d0000)]

Stack: [0x00000000192d0000,0x00000000193d0000]
[error occurred during error reporting (printing stack bounds), id 0xc0000005]

Native frames: (J=compiled Java code, j=interpreted, Vv=VM code, C=native code)


Current CompileTask:
C2:   2549 2691       4       groovy.lang.MetaClassImpl$1MOPIter::methodNameAction (325 bytes)


---------------  P R O C E S S  ---------------

Java Threads: ( => current thread )
  0x000000001eb4d000 JavaThread "Cache worker for file content cache (C:\Users\Kacu_\.gradle\caches\6.5\fileContent)" [_thread_blocked, id=1600, stack(0x0000000024d10000,0x0000000024e10000)]
  0x000000001eb4b000 JavaThread "Cache worker for execution history cache (C:\Users\Kacu_\.gradle\caches\6.5\executionHistory)" [_thread_blocked, id=21816, stack(0x0000000024810000,0x0000000024910000)]
  0x000000002131f000 JavaThread "Cache worker for cache directory md-rule (C:\Users\Kacu_\.gradle\caches\6.5\md-rule)" [_thread_blocked, id=8368, stack(0x00000000204f0000,0x00000000205f0000)]
  0x000000002131e800 JavaThread "Cache worker for cache directory md-supplier (C:\Users\Kacu_\.gradle\caches\6.5\md-supplier)" [_thread_blocked, id=17412, stack(0x00000000202a0000,0x00000000203a0000)]
  0x0000000021321800 JavaThread "Cache worker for checksums cache (Q:\Projects\AndroidProjects\youruchet\.gradle\checksums)" [_thread_blocked, id=10388, stack(0x00000000203f0000,0x00000000204f0000)]
  0x000000002131a000 JavaThread "jar transforms Thread 25" [_thread_blocked, id=11152, stack(0x0000000023470000,0x0000000023570000)]
  0x000000002131b800 JavaThread "jar transforms Thread 24" [_thread_blocked, id=9640, stack(0x0000000023370000,0x0000000023470000)]
  0x000000002131d800 JavaThread "jar transforms Thread 23" [_thread_blocked, id=22264, stack(0x0000000023270000,0x0000000023370000)]
  0x0000000021320000 JavaThread "jar transforms Thread 22" [_thread_blocked, id=25404, stack(0x0000000023170000,0x0000000023270000)]
  0x000000002131d000 JavaThread "jar transforms Thread 21" [_thread_blocked, id=7720, stack(0x0000000023070000,0x0000000023170000)]
  0x000000002131c000 JavaThread "jar transforms Thread 20" [_thread_blocked, id=25008, stack(0x0000000022f70000,0x0000000023070000)]
  0x0000000021320800 JavaThread "jar transforms Thread 19" [_thread_blocked, id=19248, stack(0x0000000022e70000,0x0000000022f70000)]
  0x0000000021314000 JavaThread "jar transforms Thread 18" [_thread_blocked, id=1104, stack(0x0000000022d70000,0x0000000022e70000)]
  0x0000000021319000 JavaThread "jar transforms Thread 17" [_thread_blocked, id=24648, stack(0x0000000022b70000,0x0000000022c70000)]
  0x000000002131a800 JavaThread "jar transforms Thread 16" [_thread_blocked, id=25348, stack(0x0000000022a70000,0x0000000022b70000)]
  0x0000000021312800 JavaThread "jar transforms Thread 15" [_thread_blocked, id=8188, stack(0x0000000022970000,0x0000000022a70000)]
  0x0000000021317000 JavaThread "jar transforms Thread 14" [_thread_blocked, id=21988, stack(0x0000000022870000,0x0000000022970000)]
  0x0000000021318800 JavaThread "jar transforms Thread 13" [_thread_blocked, id=5900, stack(0x0000000022770000,0x0000000022870000)]
  0x0000000021317800 JavaThread "jar transforms Thread 12" [_thread_blocked, id=23388, stack(0x0000000022670000,0x0000000022770000)]
  0x0000000021315800 JavaThread "jar transforms Thread 11" [_thread_blocked, id=15908, stack(0x0000000022570000,0x0000000022670000)]
  0x0000000021313000 JavaThread "jar transforms Thread 10" [_thread_blocked, id=24796, stack(0x0000000022470000,0x0000000022570000)]
  0x0000000021314800 JavaThread "jar transforms Thread 9" [_thread_blocked, id=1516, stack(0x0000000022370000,0x0000000022470000)]
  0x0000000021316000 JavaThread "jar transforms Thread 8" [_thread_blocked, id=24840, stack(0x0000000022270000,0x0000000022370000)]
  0x000000001b959800 JavaThread "jar transforms Thread 7" [_thread_blocked, id=1444, stack(0x0000000022170000,0x0000000022270000)]
  0x000000001b959000 JavaThread "jar transforms Thread 6" [_thread_blocked, id=6712, stack(0x0000000022070000,0x0000000022170000)]
  0x000000001b95b000 JavaThread "jar transforms Thread 5" [_thread_blocked, id=10244, stack(0x0000000021f70000,0x0000000022070000)]
  0x000000001b95e000 JavaThread "jar transforms Thread 4" [_thread_blocked, id=20164, stack(0x0000000021e70000,0x0000000021f70000)]
  0x000000001b960000 JavaThread "jar transforms Thread 3" [_thread_blocked, id=11216, stack(0x0000000021d70000,0x0000000021e70000)]
  0x000000001b95a800 JavaThread "jar transforms Thread 2" [_thread_blocked, id=17940, stack(0x0000000021c70000,0x0000000021d70000)]
  0x000000001b95c800 JavaThread "jar transforms" [_thread_blocked, id=16672, stack(0x0000000021b70000,0x0000000021c70000)]
  0x000000001b95c000 JavaThread "Cache worker for file hash cache (Q:\Projects\AndroidProjects\youruchet\.gradle\6.5\fileHashes)" [_thread_blocked, id=14880, stack(0x0000000020800000,0x0000000020900000)]
  0x000000001b95f000 JavaThread "Cache worker for file hash cache (C:\Users\Kacu_\.gradle\caches\6.5\fileHashes)" [_thread_blocked, id=10976, stack(0x000000001dc00000,0x000000001dd00000)]
  0x000000001b95d800 JavaThread "File lock request listener" [_thread_in_native, id=716, stack(0x000000001db00000,0x000000001dc00000)]
  0x000000001b914000 JavaThread "Cache worker for journal cache (C:\Users\Kacu_\.gradle\caches\journal-1)" [_thread_blocked, id=16520, stack(0x000000001da00000,0x000000001db00000)]
  0x000000001b917000 JavaThread "Thread-9" [_thread_blocked, id=5520, stack(0x000000001d700000,0x000000001d800000)]
  0x000000001b916000 JavaThread "Stdin handler" [_thread_blocked, id=10220, stack(0x000000001d600000,0x000000001d700000)]
  0x000000001b915800 JavaThread "Asynchronous log dispatcher for DefaultDaemonConnection: socket connection from /127.0.0.1:64930 to /127.0.0.1:64931" [_thread_blocked, id=14960, stack(0x000000001d500000,0x000000001d600000)]
  0x000000001b909000 JavaThread "Daemon worker" [_thread_in_vm, id=23392, stack(0x000000001d400000,0x000000001d500000)]
  0x000000001b8f4800 JavaThread "Cancel handler" [_thread_blocked, id=13308, stack(0x000000001d300000,0x000000001d400000)]
  0x000000001a710800 JavaThread "Handler for socket connection from /127.0.0.1:64930 to /127.0.0.1:64931" [_thread_in_native, id=10516, stack(0x000000001d000000,0x000000001d100000)]
  0x000000001b8ad800 JavaThread "Daemon" [_thread_blocked, id=23484, stack(0x000000001cf00000,0x000000001d000000)]
  0x000000001b856000 JavaThread "Daemon periodic checks" [_thread_blocked, id=20496, stack(0x000000001ce00000,0x000000001cf00000)]
  0x000000001b807800 JavaThread "Incoming local TCP Connector on port 64930" [_thread_in_native, id=9320, stack(0x000000001cbb0000,0x000000001ccb0000)]
  0x000000001b82c800 JavaThread "Daemon health stats" [_thread_blocked, id=18536, stack(0x000000001c570000,0x000000001c670000)]
  0x0000000019640800 JavaThread "Service Thread" daemon [_thread_blocked, id=18424, stack(0x00000000199d0000,0x0000000019ad0000)]
  0x0000000017660800 JavaThread "C1 CompilerThread2" daemon [_thread_blocked, id=20664, stack(0x00000000194d0000,0x00000000195d0000)]
  0x000000001765f000 JavaThread "C2 CompilerThread1" daemon [_thread_in_native, id=12508, stack(0x00000000193d0000,0x00000000194d0000)]
=>0x000000001765b800 JavaThread "C2 CompilerThread0" daemon [_thread_in_native, id=1072, stack(0x00000000192d0000,0x00000000193d0000)]
  0x0000000017659800 JavaThread "Attach Listener" daemon [_thread_blocked, id=20908, stack(0x00000000191d0000,0x00000000192d0000)]
  0x0000000017655800 JavaThread "Signal Dispatcher" daemon [_thread_blocked, id=14640, stack(0x00000000190d0000,0x00000000191d0000)]
  0x00000000027ea800 JavaThread "Finalizer" daemon [_thread_blocked, id=15748, stack(0x0000000018ec0000,0x0000000018fc0000)]
  0x000000001763b800 JavaThread "Reference Handler" daemon [_thread_blocked, id=8528, stack(0x0000000018dc0000,0x0000000018ec0000)]
  0x0000000000cdd800 JavaThread "main" [_thread_blocked, id=4120, stack(0x0000000002540000,0x0000000002640000)]

Other Threads:
  0x0000000017616800 VMThread [stack: 0x0000000018cc0000,0x0000000018dc0000] [id=1044]
  0x0000000019653000 WatcherThread [stack: 0x0000000019ad0000,0x0000000019bd0000] [id=2912]

VM state:not at safepoint (normal execution)

VM Mutex/Monitor currently owned by a thread: None

heap address: 0x0000000080000000, size: 2048 MB, Compressed Oops mode: 32-bit
Narrow klass base: 0x0000000000000000, Narrow klass shift: 3
Compressed class space size: 1073741824 Address: 0x0000000100000000

Heap:
 PSYoungGen      total 238592K, used 17813K [0x00000000d5580000, 0x00000000e4e00000, 0x0000000100000000)
  eden space 224768K, 7% used [0x00000000d5580000,0x00000000d66e5798,0x00000000e3100000)
  from space 13824K, 0% used [0x00000000e4080000,0x00000000e4080000,0x00000000e4e00000)
  to   space 14848K, 0% used [0x00000000e3100000,0x00000000e3100000,0x00000000e3f80000)
 ParOldGen       total 89600K, used 14281K [0x0000000080000000, 0x0000000085780000, 0x00000000d5580000)
  object space 89600K, 15% used [0x0000000080000000,0x0000000080df2600,0x0000000085780000)
 Metaspace       used 34787K, capacity 36190K, committed 36312K, reserved 1081344K
  class space    used 4704K, capacity 5059K, committed 5120K, reserved 1048576K

Card table byte_map: [0x0000000011bb0000,0x0000000011fc0000] byte_map_base: 0x00000000117b0000

Marking Bits: (ParMarkBitMap*) 0x000000006910f030
 Begin Bits: [0x0000000012870000, 0x0000000014870000)
 End Bits:   [0x0000000014870000, 0x0000000016870000)

Polling page: 0x00000000008a0000

CodeCache: size=245760Kb used=11229Kb max_used=11229Kb free=234530Kb
 bounds [0x00000000027f0000, 0x00000000032f0000, 0x00000000117f0000]
 total_blobs=3618 nmethods=2921 adapters=610
 compilation: enabled

Compilation events (10 events):
Event: 2.546 Thread 0x0000000017660800 2932   !   3       sun.reflect.annotation.AnnotationParser::parseAnnotation2 (284 bytes)
Event: 2.547 Thread 0x0000000017660800 nmethod 2932 0x00000000032e60d0 code [0x00000000032e6480, 0x00000000032e81b8]
Event: 2.547 Thread 0x0000000017660800 2934       3       org.gradle.internal.instantiation.generator.AbstractClassGenerator$PropertyMetadata::isReadable (13 bytes)
Event: 2.547 Thread 0x0000000017660800 nmethod 2934 0x00000000032e9410 code [0x00000000032e9560, 0x00000000032e9710]
Event: 2.547 Thread 0x0000000017660800 2935       3       org.gradle.internal.instantiation.generator.AbstractClassGenerator$PropertyMetadata::isWritable (18 bytes)
Event: 2.547 Thread 0x0000000017660800 nmethod 2935 0x00000000032e9790 code [0x00000000032e9900, 0x00000000032e9b68]
Event: 2.547 Thread 0x0000000017660800 2936       3       org.gradle.internal.instantiation.generator.AbstractClassGenerator$DslMixInPropertyType::visitProperty (33 bytes)
Event: 2.548 Thread 0x0000000017660800 nmethod 2936 0x00000000032e9c10 code [0x00000000032e9e20, 0x00000000032ea948]
Event: 2.548 Thread 0x0000000017660800 2937       1       com.google.common.collect.LinkedHashMultimap$ValueEntry::getPredecessorInMultimap (5 bytes)
Event: 2.548 Thread 0x0000000017660800 nmethod 2937 0x00000000032eae10 code [0x00000000032eaf60, 0x00000000032eb070]

GC Heap History (10 events):
Event: 1.480 GC heap before
{Heap before GC invocations=4 (full 0):
 PSYoungGen      total 76288K, used 14843K [0x00000000d5580000, 0x00000000dea80000, 0x0000000100000000)
  eden space 65536K, 6% used [0x00000000d5580000,0x00000000d5983ef0,0x00000000d9580000)
  from space 10752K, 99% used [0x00000000d9580000,0x00000000d9ffadd0,0x00000000da000000)
  to   space 10752K, 0% used [0x00000000de000000,0x00000000de000000,0x00000000dea80000)
 ParOldGen       total 175104K, used 1060K [0x0000000080000000, 0x000000008ab00000, 0x00000000d5580000)
  object space 175104K, 0% used [0x0000000080000000,0x0000000080109218,0x000000008ab00000)
 Metaspace       used 20463K, capacity 21178K, committed 21248K, reserved 1067008K
  class space    used 2855K, capacity 3043K, committed 3072K, reserved 1048576K
Event: 1.485 GC heap after
Heap after GC invocations=4 (full 0):
 PSYoungGen      total 141824K, used 7056K [0x00000000d5580000, 0x00000000dea80000, 0x0000000100000000)
  eden space 131072K, 0% used [0x00000000d5580000,0x00000000d5580000,0x00000000dd580000)
  from space 10752K, 65% used [0x00000000de000000,0x00000000de6e4040,0x00000000dea80000)
  to   space 10752K, 0% used [0x00000000dd580000,0x00000000dd580000,0x00000000de000000)
 ParOldGen       total 175104K, used 1068K [0x0000000080000000, 0x000000008ab00000, 0x00000000d5580000)
  object space 175104K, 0% used [0x0000000080000000,0x000000008010b218,0x000000008ab00000)
 Metaspace       used 20463K, capacity 21178K, committed 21248K, reserved 1067008K
  class space    used 2855K, capacity 3043K, committed 3072K, reserved 1048576K
}
Event: 1.485 GC heap before
{Heap before GC invocations=5 (full 1):
 PSYoungGen      total 141824K, used 7056K [0x00000000d5580000, 0x00000000dea80000, 0x0000000100000000)
  eden space 131072K, 0% used [0x00000000d5580000,0x00000000d5580000,0x00000000dd580000)
  from space 10752K, 65% used [0x00000000de000000,0x00000000de6e4040,0x00000000dea80000)
  to   space 10752K, 0% used [0x00000000dd580000,0x00000000dd580000,0x00000000de000000)
 ParOldGen       total 175104K, used 1068K [0x0000000080000000, 0x000000008ab00000, 0x00000000d5580000)
  object space 175104K, 0% used [0x0000000080000000,0x000000008010b218,0x000000008ab00000)
 Metaspace       used 20463K, capacity 21178K, committed 21248K, reserved 1067008K
  class space    used 2855K, capacity 3043K, committed 3072K, reserved 1048576K
Event: 1.509 GC heap after
Heap after GC invocations=5 (full 1):
 PSYoungGen      total 141824K, used 0K [0x00000000d5580000, 0x00000000dea80000, 0x0000000100000000)
  eden space 131072K, 0% used [0x00000000d5580000,0x00000000d5580000,0x00000000dd580000)
  from space 10752K, 0% used [0x00000000de000000,0x00000000de000000,0x00000000dea80000)
  to   space 10752K, 0% used [0x00000000dd580000,0x00000000dd580000,0x00000000de000000)
 ParOldGen       total 89600K, used 6903K [0x0000000080000000, 0x0000000085780000, 0x00000000d5580000)
  object space 89600K, 7% used [0x0000000080000000,0x00000000806bdec8,0x0000000085780000)
 Metaspace       used 20463K, capacity 21178K, committed 21248K, reserved 1067008K
  class space    used 2855K, capacity 3043K, committed 3072K, reserved 1048576K
}
Event: 2.263 GC heap before
{Heap before GC invocations=6 (full 1):
 PSYoungGen      total 141824K, used 131072K [0x00000000d5580000, 0x00000000dea80000, 0x0000000100000000)
  eden space 131072K, 100% used [0x00000000d5580000,0x00000000dd580000,0x00000000dd580000)
  from space 10752K, 0% used [0x00000000de000000,0x00000000de000000,0x00000000dea80000)
  to   space 10752K, 0% used [0x00000000dd580000,0x00000000dd580000,0x00000000de000000)
 ParOldGen       total 89600K, used 6903K [0x0000000080000000, 0x0000000085780000, 0x00000000d5580000)
  object space 89600K, 7% used [0x0000000080000000,0x00000000806bdec8,0x0000000085780000)
 Metaspace       used 32603K, capacity 33838K, committed 34176K, reserved 1079296K
  class space    used 4399K, capacity 4728K, committed 4736K, reserved 1048576K
Event: 2.271 GC heap after
Heap after GC invocations=6 (full 1):
 PSYoungGen      total 141824K, used 10740K [0x00000000d5580000, 0x00000000e4f80000, 0x0000000100000000)
  eden space 131072K, 0% used [0x00000000d5580000,0x00000000d5580000,0x00000000dd580000)
  from space 10752K, 99% used [0x00000000dd580000,0x00000000ddffd260,0x00000000de000000)
  to   space 15360K, 0% used [0x00000000e4080000,0x00000000e4080000,0x00000000e4f80000)
 ParOldGen       total 89600K, used 8919K [0x0000000080000000, 0x0000000085780000, 0x00000000d5580000)
  object space 89600K, 9% used [0x0000000080000000,0x00000000808b5d10,0x0000000085780000)
 Metaspace       used 32603K, capacity 33838K, committed 34176K, reserved 1079296K
  class space    used 4399K, capacity 4728K, committed 4736K, reserved 1048576K
}
Event: 2.434 GC heap before
{Heap before GC invocations=7 (full 1):
 PSYoungGen      total 141824K, used 46864K [0x00000000d5580000, 0x00000000e4f80000, 0x0000000100000000)
  eden space 131072K, 27% used [0x00000000d5580000,0x00000000d78c6fe8,0x00000000dd580000)
  from space 10752K, 99% used [0x00000000dd580000,0x00000000ddffd260,0x00000000de000000)
  to   space 15360K, 0% used [0x00000000e4080000,0x00000000e4080000,0x00000000e4f80000)
 ParOldGen       total 89600K, used 8919K [0x0000000080000000, 0x0000000085780000, 0x00000000d5580000)
  object space 89600K, 9% used [0x0000000080000000,0x00000000808b5d10,0x0000000085780000)
 Metaspace       used 33986K, capacity 35294K, committed 35416K, reserved 1079296K
  class space    used 4589K, capacity 4916K, committed 4992K, reserved 1048576K
Event: 2.439 GC heap after
Heap after GC invocations=7 (full 1):
 PSYoungGen      total 238592K, used 7745K [0x00000000d5580000, 0x00000000e4e00000, 0x0000000100000000)
  eden space 224768K, 0% used [0x00000000d5580000,0x00000000d5580000,0x00000000e3100000)
  from space 13824K, 56% used [0x00000000e4080000,0x00000000e4810738,0x00000000e4e00000)
  to   space 14848K, 0% used [0x00000000e3100000,0x00000000e3100000,0x00000000e3f80000)
 ParOldGen       total 89600K, used 8927K [0x0000000080000000, 0x0000000085780000, 0x00000000d5580000)
  object space 89600K, 9% used [0x0000000080000000,0x00000000808b7d10,0x0000000085780000)
 Metaspace       used 33986K, capacity 35294K, committed 35416K, reserved 1079296K
  class space    used 4589K, capacity 4916K, committed 4992K, reserved 1048576K
}
Event: 2.439 GC heap before
{Heap before GC invocations=8 (full 2):
 PSYoungGen      total 238592K, used 7745K [0x00000000d5580000, 0x00000000e4e00000, 0x0000000100000000)
  eden space 224768K, 0% used [0x00000000d5580000,0x00000000d5580000,0x00000000e3100000)
  from space 13824K, 56% used [0x00000000e4080000,0x00000000e4810738,0x00000000e4e00000)
  to   space 14848K, 0% used [0x00000000e3100000,0x00000000e3100000,0x00000000e3f80000)
 ParOldGen       total 89600K, used 8927K [0x0000000080000000, 0x0000000085780000, 0x00000000d5580000)
  object space 89600K, 9% used [0x0000000080000000,0x00000000808b7d10,0x0000000085780000)
 Metaspace       used 33986K, capacity 35294K, committed 35416K, reserved 1079296K
  class space    used 4589K, capacity 4916K, committed 4992K, reserved 1048576K
Event: 2.469 GC heap after
Heap after GC invocations=8 (full 2):
 PSYoungGen      total 238592K, used 0K [0x00000000d5580000, 0x00000000e4e00000, 0x0000000100000000)
  eden space 224768K, 0% used [0x00000000d5580000,0x00000000d5580000,0x00000000e3100000)
  from space 13824K, 0% used [0x00000000e4080000,0x00000000e4080000,0x00000000e4e00000)
  to   space 14848K, 0% used [0x00000000e3100000,0x00000000e3100000,0x00000000e3f80000)
 ParOldGen       total 89600K, used 14281K [0x0000000080000000, 0x0000000085780000, 0x00000000d5580000)
  object space 89600K, 15% used [0x0000000080000000,0x0000000080df2600,0x0000000085780000)
 Metaspace       used 33986K, capacity 35294K, committed 35416K, reserved 1079296K
  class space    used 4589K, capacity 4916K, committed 4992K, reserved 1048576K
}

Deoptimization events (10 events):
Event: 2.062 Thread 0x000000001b909000 Uncommon trap: reason=unstable_if action=reinterpret pc=0x0000000002f5ac4c method=java.lang.ClassLoader.getClassLoadingLock(Ljava/lang/String;)Ljava/lang/Object; @ 6
Event: 2.132 Thread 0x000000001b909000 Uncommon trap: reason=unstable_if action=reinterpret pc=0x000000000312f860 method=java.net.URLClassLoader.defineClass(Ljava/lang/String;Lsun/misc/Resource;)Ljava/lang/Class; @ 21
Event: 2.326 Thread 0x000000001b909000 Uncommon trap: reason=unstable_if action=reinterpret pc=0x000000000319b90c method=java.lang.Class$MethodArray.addIfNotPresent(Ljava/lang/reflect/Method;)V @ 19
Event: 2.369 Thread 0x000000001b909000 Uncommon trap: reason=unstable_if action=reinterpret pc=0x0000000002f1962c method=java.lang.String.regionMatches(ZILjava/lang/String;II)Z @ 123
Event: 2.369 Thread 0x000000001b909000 Uncommon trap: reason=unstable_if action=reinterpret pc=0x0000000002ce34e4 method=java.lang.String.regionMatches(ZILjava/lang/String;II)Z @ 123
Event: 2.381 Thread 0x000000001b909000 Uncommon trap: reason=unstable_if action=reinterpret pc=0x0000000002ce1844 method=sun.misc.URLClassPath$JarLoader.getResource(Ljava/lang/String;ZLjava/util/Set;)Lsun/misc/Resource; @ 17
Event: 2.469 Thread 0x000000001763b800 Uncommon trap: reason=unstable_if action=reinterpret pc=0x00000000031c9cfc method=java.lang.ref.Reference.tryHandlePending(Z)Z @ 104
Event: 2.495 Thread 0x000000001b909000 Uncommon trap: reason=unstable_if action=reinterpret pc=0x0000000003281334 method=org.codehaus.groovy.runtime.metaclass.MetaMethodIndex.addMethodToList(Ljava/lang/Object;Lgroovy/lang/MetaMethod;)Ljava/lang/Object; @ 226
Event: 2.508 Thread 0x000000001b909000 Uncommon trap: reason=unstable_if action=reinterpret pc=0x0000000002dfc42c method=java.util.HashMap.putVal(ILjava/lang/Object;Ljava/lang/Object;ZZ)Ljava/lang/Object; @ 162
Event: 2.526 Thread 0x000000001b909000 Uncommon trap: reason=unstable_if action=reinterpret pc=0x00000000031c4e2c method=java.util.Arrays.hashCode([Ljava/lang/Object;)I @ 34

Classes redefined (0 events):
No events

Internal exceptions (10 events):
Event: 2.520 Thread 0x000000001b909000 Exception <a 'java/lang/ClassNotFoundException': org/gradle/plugin/use/internal/PluginsAwareScriptCustomizer> (0x00000000d5ea8d28) thrown at [C:\src\AOSP-openjdk-git\hotspot\src\share\vm\classfile\systemDictionary.cpp, line 210]
Event: 2.521 Thread 0x000000001b909000 Exception <a 'java/lang/ClassNotFoundException': org/gradle/initialization/SettingsScriptCustomizer> (0x00000000d5ec9020) thrown at [C:\src\AOSP-openjdk-git\hotspot\src\share\vm\classfile\systemDictionary.cpp, line 210]
Event: 2.521 Thread 0x000000001b909000 Exception <a 'java/lang/ClassNotFoundException': settings_6c510rd94tjv8kgwqrfp8h0k9Customizer> (0x00000000d5edcfe0) thrown at [C:\src\AOSP-openjdk-git\hotspot\src\share\vm\classfile\systemDictionary.cpp, line 210]
Event: 2.523 Thread 0x000000001b909000 Exception <a 'java/lang/ClassNotFoundException': org/gradle/initialization/DefaultSettings_DecoratedBeanInfo> (0x00000000d5f73138) thrown at [C:\src\AOSP-openjdk-git\hotspot\src\share\vm\classfile\systemDictionary.cpp, line 210]
Event: 2.524 Thread 0x000000001b909000 Exception <a 'java/lang/ClassNotFoundException': org/gradle/initialization/DefaultSettingsBeanInfo> (0x00000000d60a1b78) thrown at [C:\src\AOSP-openjdk-git\hotspot\src\share\vm\classfile\systemDictionary.cpp, line 210]
Event: 2.524 Thread 0x000000001b909000 Exception <a 'java/lang/ClassNotFoundException': org/gradle/initialization/DefaultSettingsCustomizer> (0x00000000d60ce280) thrown at [C:\src\AOSP-openjdk-git\hotspot\src\share\vm\classfile\systemDictionary.cpp, line 210]
Event: 2.525 Thread 0x000000001b909000 Exception <a 'java/lang/ClassNotFoundException': org/gradle/initialization/DefaultSettings_DecoratedCustomizer> (0x00000000d613d610) thrown at [C:\src\AOSP-openjdk-git\hotspot\src\share\vm\classfile\systemDictionary.cpp, line 210]
Event: 2.526 Thread 0x000000001b909000 Implicit null exception at 0x00000000031c4d6f to 0x00000000031c4e0d
Event: 2.527 Thread 0x000000001b909000 Exception <a 'java/lang/ClassNotFoundException': org/gradle/initialization/DefaultProjectDescriptorBeanInfo> (0x00000000d61ebee8) thrown at [C:\src\AOSP-openjdk-git\hotspot\src\share\vm\classfile\systemDictionary.cpp, line 210]
Event: 2.528 Thread 0x000000001b909000 Exception <a 'java/lang/ClassNotFoundException': org/gradle/initialization/DefaultProjectDescriptorCustomizer> (0x00000000d621ba70) thrown at [C:\src\AOSP-openjdk-git\hotspot\src\share\vm\classfile\systemDictionary.cpp, line 210]

Events (10 events):
Event: 2.543 loading class org/gradle/api/internal/project/DeferredProjectConfiguration
Event: 2.543 loading class org/gradle/api/internal/project/DeferredProjectConfiguration done
Event: 2.546 loading class org/gradle/internal/instantiation/generator/AsmBackedClassGenerator$ClassBuilderImpl$ReturnTypeEntry
Event: 2.546 loading class org/gradle/internal/instantiation/generator/AsmBackedClassGenerator$ClassBuilderImpl$ReturnTypeEntry done
Event: 2.548 loading class org/gradle/api/internal/project/ProjectStateInternal$State
Event: 2.548 loading class org/gradle/api/internal/project/ProjectStateInternal$State done
Event: 2.548 loading class org/gradle/internal/service/scopes/ProjectScopeServices
Event: 2.548 loading class org/gradle/internal/service/scopes/ProjectScopeServices done
Event: 2.549 loading class org/gradle/api/internal/file/SourceDirectorySetFactory
Event: 2.549 loading class org/gradle/api/internal/file/SourceDirectorySetFactory done


Dynamic libraries:
0x00007ff715e70000 - 0x00007ff715ea1000 	Q:\Programs\AndroidStudio\jre\bin\java.exe
0x00007ffe6b070000 - 0x00007ffe6b265000 	C:\Windows\SYSTEM32\ntdll.dll
0x00007ffe6a0f0000 - 0x00007ffe6a1ad000 	C:\Windows\System32\KERNEL32.DLL
0x00007ffe68b70000 - 0x00007ffe68e39000 	C:\Windows\System32\KERNELBASE.dll
0x00007ffe69750000 - 0x00007ffe697fc000 	C:\Windows\System32\ADVAPI32.dll
0x00007ffe69be0000 - 0x00007ffe69c7e000 	C:\Windows\System32\msvcrt.dll
0x00007ffe6aec0000 - 0x00007ffe6af5c000 	C:\Windows\System32\sechost.dll
0x00007ffe69540000 - 0x00007ffe6966b000 	C:\Windows\System32\RPCRT4.dll
0x00007ffe69d80000 - 0x00007ffe69f20000 	C:\Windows\System32\USER32.dll
0x00007ffe687b0000 - 0x00007ffe687d2000 	C:\Windows\System32\win32u.dll
0x00007ffe69860000 - 0x00007ffe6988a000 	C:\Windows\System32\GDI32.dll
0x00007ffe689c0000 - 0x00007ffe68acb000 	C:\Windows\System32\gdi32full.dll
0x00007ffe68ad0000 - 0x00007ffe68b6d000 	C:\Windows\System32\msvcp_win.dll
0x00007ffe68ec0000 - 0x00007ffe68fc0000 	C:\Windows\System32\ucrtbase.dll
0x00007ffe52830000 - 0x00007ffe52aca000 	C:\Windows\WinSxS\amd64_microsoft.windows.common-controls_6595b64144ccf1df_6.0.19041.844_none_ca00b6081b84eb1d\COMCTL32.dll
0x00007ffe6aa80000 - 0x00007ffe6aab0000 	C:\Windows\System32\IMM32.DLL
0x0000000068780000 - 0x0000000068852000 	Q:\Programs\AndroidStudio\jre\jre\bin\msvcr100.dll
0x0000000068940000 - 0x000000006918b000 	Q:\Programs\AndroidStudio\jre\jre\bin\server\jvm.dll
0x00007ffe69c80000 - 0x00007ffe69c88000 	C:\Windows\System32\PSAPI.DLL
0x00007ffe65fe0000 - 0x00007ffe65fe9000 	C:\Windows\SYSTEM32\WSOCK32.dll
0x00007ffe5cf00000 - 0x00007ffe5cf27000 	C:\Windows\SYSTEM32\WINMM.dll
0x00007ffe607a0000 - 0x00007ffe607aa000 	C:\Windows\SYSTEM32\VERSION.dll
0x00007ffe69cb0000 - 0x00007ffe69d1b000 	C:\Windows\System32\WS2_32.dll
0x00007ffe63120000 - 0x00007ffe6312f000 	Q:\Programs\AndroidStudio\jre\jre\bin\verify.dll
0x00007ffe55660000 - 0x00007ffe55689000 	Q:\Programs\AndroidStudio\jre\jre\bin\java.dll
0x00007ffe5b890000 - 0x00007ffe5b8a6000 	Q:\Programs\AndroidStudio\jre\jre\bin\zip.dll
0x00007ffe6a1b0000 - 0x00007ffe6a8f2000 	C:\Windows\System32\SHELL32.dll
0x00007ffe66930000 - 0x00007ffe670c0000 	C:\Windows\SYSTEM32\windows.storage.dll
0x00007ffe6aab0000 - 0x00007ffe6ae05000 	C:\Windows\System32\combase.dll
0x00007ffe68220000 - 0x00007ffe6824c000 	C:\Windows\SYSTEM32\Wldp.dll
0x00007ffe6ae10000 - 0x00007ffe6aebe000 	C:\Windows\System32\SHCORE.dll
0x00007ffe69d20000 - 0x00007ffe69d75000 	C:\Windows\System32\shlwapi.dll
0x00007ffe686f0000 - 0x00007ffe6870f000 	C:\Windows\SYSTEM32\profapi.dll
0x00007ffe54990000 - 0x00007ffe549aa000 	Q:\Programs\AndroidStudio\jre\jre\bin\net.dll
0x00007ffe67fa0000 - 0x00007ffe6800a000 	C:\Windows\system32\mswsock.dll
0x00007ffe54900000 - 0x00007ffe54913000 	Q:\Programs\AndroidStudio\jre\jre\bin\nio.dll
0x00007ffe555b0000 - 0x00007ffe555d7000 	C:\Users\Kacu_\.gradle\native\f6784746aeab05261644944871eae4fe03e0ef1612fff0a4a95f87b438bc6780\windows-amd64\native-platform.dll
0x00007ffe5e190000 - 0x00007ffe5e19d000 	Q:\Programs\AndroidStudio\jre\jre\bin\management.dll
0x00007ffe68170000 - 0x00007ffe68188000 	C:\Windows\SYSTEM32\CRYPTSP.dll
0x00007ffe678d0000 - 0x00007ffe67904000 	C:\Windows\system32\rsaenh.dll
0x00007ffe68e90000 - 0x00007ffe68eb7000 	C:\Windows\System32\bcrypt.dll
0x00007ffe68670000 - 0x00007ffe6869e000 	C:\Windows\SYSTEM32\USERENV.dll
0x00007ffe68940000 - 0x00007ffe689c0000 	C:\Windows\System32\bcryptprimitives.dll
0x00007ffe68190000 - 0x00007ffe6819c000 	C:\Windows\SYSTEM32\CRYPTBASE.dll
0x00007ffe67c40000 - 0x00007ffe67c7b000 	C:\Windows\SYSTEM32\IPHLPAPI.DLL
0x00007ffe69fa0000 - 0x00007ffe69fa8000 	C:\Windows\System32\NSI.dll
0x00007ffe61de0000 - 0x00007ffe61df7000 	C:\Windows\SYSTEM32\dhcpcsvc6.DLL
0x00007ffe61dc0000 - 0x00007ffe61ddd000 	C:\Windows\SYSTEM32\dhcpcsvc.DLL
0x00007ffe67c80000 - 0x00007ffe67d4b000 	C:\Windows\SYSTEM32\DNSAPI.dll
0x00007ffe61ed0000 - 0x00007ffe61edb000 	C:\Windows\SYSTEM32\WINNSI.DLL

VM Arguments:
jvm_args: -Xmx2048m -Dfile.encoding=UTF-8 -Duser.country=RU -Duser.language=ru -Duser.variant 
java_command: org.gradle.launcher.daemon.bootstrap.GradleDaemon 6.5
java_class_path (initial): C:\Users\Kacu_\.gradle\wrapper\dists\gradle-6.5-bin\6nifqtx7604sqp1q6g8wikw7p\gradle-6.5\lib\gradle-launcher-6.5.jar
Launcher Type: SUN_STANDARD

Environment Variables:
PATH=C:\Program Files (x86)\Common Files\Intel\Shared Libraries\redist\intel64\compiler;C:\Windows\system32;C:\Windows;C:\Windows\System32\Wbem;C:\Windows\System32\WindowsPowerShell\v1.0\;C:\Windows\System32\OpenSSH\;C:\Users\Kacu_\AppData\Local\Microsoft\WindowsApps;;Q:\Programs\Microsoft VS Code\bin
USERNAME=Kacu_
OS=Windows_NT
PROCESSOR_IDENTIFIER=Intel64 Family 6 Model 158 Stepping 10, GenuineIntel



---------------  S Y S T E M  ---------------

OS: Windows 10.0 , 64 bit Build 19041 (10.0.19041.804)

CPU:total 6 (initial active 6) (6 cores per cpu, 1 threads per core) family 6 model 158 stepping 10, cmov, cx8, fxsr, mmx, sse, sse2, sse3, ssse3, sse4.1, sse4.2, popcnt, avx, avx2, aes, clmul, erms, 3dnowpref, lzcnt, tsc, tscinvbit, bmi1, bmi2, adx

Memory: 4k page, physical 16663832k(7085888k free), swap 25838944k(5792k free)

vm_info: OpenJDK 64-Bit Server VM (25.242-b01) for windows-amd64 JRE (1.8.0_242-release-1644-b01), built by "builder" with MS VC++ 10.0 (VS2010)

time: Wed Mar 03 14:46:08 2021
timezone: RTZ 6 (зима)
elapsed time: 2 seconds (0d 0h 0m 2s)

