#
# There is insufficient memory for the Java Runtime Environment to continue.
# Native memory allocation (malloc) failed to allocate 1087856 bytes for Chunk::new
# Possible reasons:
#   The system is out of physical RAM or swap space
#   The process is running with CompressedOops enabled, and the Java Heap may be blocking the growth of the native heap
# Possible solutions:
#   Reduce memory load on the system
#   Increase physical memory or swap space
#   Check if swap backing store is full
#   Decrease Java heap size (-Xmx/-Xms)
#   Decrease number of Java threads
#   Decrease Java thread stack sizes (-Xss)
#   Set larger code cache with -XX:ReservedCodeCacheSize=
#   JVM is running with Unscaled Compressed Oops mode in which the Java heap is
#     placed in the first 4GB address space. The Java Heap base address is the
#     maximum limit for the native heap growth. Please use -XX:HeapBaseMinAddress
#     to set the Java Heap base and to place the Java Heap above 4GB virtual address.
# This output file may be truncated or incomplete.
#
#  Out of Memory Error (allocation.cpp:389), pid=23444, tid=0x00000000000036fc
#
# JRE version: OpenJDK Runtime Environment (8.0_242-b01) (build 1.8.0_242-release-1644-b01)
# Java VM: OpenJDK 64-Bit Server VM (25.242-b01 mixed mode windows-amd64 compressed oops)
# Failed to write core dump. Minidumps are not enabled by default on client versions of Windows
#

---------------  T H R E A D  ---------------

Current thread (0x0000000017d8f000):  JavaThread "C2 CompilerThread1" daemon [_thread_in_native, id=14076, stack(0x0000000019b00000,0x0000000019c00000)]

Stack: [0x0000000019b00000,0x0000000019c00000]
[error occurred during error reporting (printing stack bounds), id 0xc0000005]

Native frames: (J=compiled Java code, j=interpreted, Vv=VM code, C=native code)


Current CompileTask:
C2:  25015 8071   !   4       java.util.jar.Attributes::read (380 bytes)


---------------  P R O C E S S  ---------------

Java Threads: ( => current thread )
  0x000000001abee800 JavaThread "jar transforms Thread 92" [_thread_blocked, id=856, stack(0x000000002b030000,0x000000002b130000)]
  0x000000001abf5000 JavaThread "jar transforms Thread 91" [_thread_blocked, id=24688, stack(0x000000002af30000,0x000000002b030000)]
  0x000000001abf4800 JavaThread "jar transforms Thread 90" [_thread_blocked, id=17004, stack(0x000000002ae30000,0x000000002af30000)]
  0x000000001abf3800 JavaThread "jar transforms Thread 89" [_thread_blocked, id=8044, stack(0x000000002ad30000,0x000000002ae30000)]
  0x000000001abf0800 JavaThread "jar transforms Thread 88" [_thread_blocked, id=11320, stack(0x000000002ac30000,0x000000002ad30000)]
  0x000000001abed800 JavaThread "jar transforms Thread 87" [_thread_blocked, id=25472, stack(0x000000002ab30000,0x000000002ac30000)]
  0x000000001abf3000 JavaThread "jar transforms Thread 86" [_thread_blocked, id=736, stack(0x000000002aa30000,0x000000002ab30000)]
  0x000000001abf0000 JavaThread "jar transforms Thread 85" [_thread_blocked, id=3340, stack(0x000000002a930000,0x000000002aa30000)]
  0x000000001abf1800 JavaThread "jar transforms Thread 84" [_thread_blocked, id=12456, stack(0x000000002a830000,0x000000002a930000)]
  0x000000001abf2000 JavaThread "jar transforms Thread 83" [_thread_blocked, id=11312, stack(0x000000002a730000,0x000000002a830000)]
  0x00000000203d7800 JavaThread "jar transforms Thread 82" [_thread_blocked, id=17728, stack(0x000000002a630000,0x000000002a730000)]
  0x00000000203d0000 JavaThread "jar transforms Thread 81" [_thread_blocked, id=24980, stack(0x000000002a530000,0x000000002a630000)]
  0x00000000203d6800 JavaThread "jar transforms Thread 80" [_thread_blocked, id=14332, stack(0x000000002a430000,0x000000002a530000)]
  0x00000000203d6000 JavaThread "jar transforms Thread 79" [_thread_blocked, id=11220, stack(0x000000002a330000,0x000000002a430000)]
  0x00000000203d5000 JavaThread "jar transforms Thread 78" [_thread_blocked, id=15924, stack(0x000000002a230000,0x000000002a330000)]
  0x00000000203d3800 JavaThread "jar transforms Thread 77" [_thread_blocked, id=3488, stack(0x000000002a130000,0x000000002a230000)]
  0x00000000203d1800 JavaThread "jar transforms Thread 76" [_thread_blocked, id=22312, stack(0x000000002a030000,0x000000002a130000)]
  0x00000000203ce800 JavaThread "jar transforms Thread 75" [_thread_blocked, id=21016, stack(0x0000000029f30000,0x000000002a030000)]
  0x00000000203d3000 JavaThread "jar transforms Thread 74" [_thread_blocked, id=22892, stack(0x0000000029e30000,0x0000000029f30000)]
  0x00000000203d2000 JavaThread "jar transforms Thread 73" [_thread_blocked, id=17536, stack(0x0000000029d30000,0x0000000029e30000)]
  0x00000000203d4800 JavaThread "jar transforms Thread 72" [_thread_blocked, id=19168, stack(0x0000000029c30000,0x0000000029d30000)]
  0x00000000203cf000 JavaThread "jar transforms Thread 71" [_thread_blocked, id=24564, stack(0x0000000029b30000,0x0000000029c30000)]
  0x00000000203ca000 JavaThread "jar transforms Thread 70" [_thread_blocked, id=15580, stack(0x0000000029a30000,0x0000000029b30000)]
  0x00000000203cd800 JavaThread "jar transforms Thread 69" [_thread_blocked, id=812, stack(0x0000000029930000,0x0000000029a30000)]
  0x00000000203cd000 JavaThread "jar transforms Thread 68" [_thread_blocked, id=11372, stack(0x0000000029830000,0x0000000029930000)]
  0x00000000203d0800 JavaThread "jar transforms Thread 67" [_thread_blocked, id=15012, stack(0x0000000029730000,0x0000000029830000)]
  0x00000000203cc000 JavaThread "jar transforms Thread 66" [_thread_blocked, id=7224, stack(0x0000000029630000,0x0000000029730000)]
  0x00000000203cb800 JavaThread "jar transforms Thread 65" [_thread_blocked, id=19224, stack(0x0000000029530000,0x0000000029630000)]
  0x00000000203ca800 JavaThread "jar transforms Thread 64" [_thread_blocked, id=12008, stack(0x0000000029430000,0x0000000029530000)]
  0x00000000203c9000 JavaThread "jar transforms Thread 63" [_thread_blocked, id=14320, stack(0x0000000029330000,0x0000000029430000)]
  0x00000000203c8800 JavaThread "jar transforms Thread 62" [_thread_blocked, id=15916, stack(0x0000000029230000,0x0000000029330000)]
  0x000000001f5b4000 JavaThread "jar transforms Thread 61" [_thread_blocked, id=19136, stack(0x0000000029130000,0x0000000029230000)]
  0x000000001f5b3800 JavaThread "jar transforms Thread 60" [_thread_blocked, id=4156, stack(0x0000000029030000,0x0000000029130000)]
  0x000000001f5b8000 JavaThread "jar transforms Thread 59" [_thread_blocked, id=12232, stack(0x0000000028f30000,0x0000000029030000)]
  0x000000001f5b5000 JavaThread "jar transforms Thread 58" [_thread_blocked, id=18708, stack(0x0000000028e30000,0x0000000028f30000)]
  0x000000001f5b6800 JavaThread "jar transforms Thread 57" [_thread_blocked, id=19524, stack(0x0000000028d30000,0x0000000028e30000)]
  0x000000001f5b7800 JavaThread "jar transforms Thread 56" [_thread_blocked, id=25100, stack(0x0000000028c30000,0x0000000028d30000)]
  0x000000001f5b2000 JavaThread "jar transforms Thread 55" [_thread_blocked, id=21872, stack(0x0000000028b30000,0x0000000028c30000)]
  0x000000001f5b2800 JavaThread "jar transforms Thread 54" [_thread_blocked, id=12952, stack(0x0000000028a30000,0x0000000028b30000)]
  0x000000001f5b6000 JavaThread "jar transforms Thread 53" [_thread_blocked, id=13752, stack(0x0000000028930000,0x0000000028a30000)]
  0x000000001f5aa800 JavaThread "jar transforms Thread 52" [_thread_blocked, id=8960, stack(0x0000000028830000,0x0000000028930000)]
  0x000000001f5ac800 JavaThread "jar transforms Thread 51" [_thread_blocked, id=600, stack(0x0000000028730000,0x0000000028830000)]
  0x000000001f5b1000 JavaThread "jar transforms Thread 50" [_thread_blocked, id=15072, stack(0x0000000028630000,0x0000000028730000)]
  0x000000001f5b0800 JavaThread "jar transforms Thread 49" [_thread_blocked, id=15080, stack(0x0000000028530000,0x0000000028630000)]
  0x000000001f5ac000 JavaThread "jar transforms Thread 48" [_thread_blocked, id=11868, stack(0x0000000028430000,0x0000000028530000)]
  0x000000001f5a9000 JavaThread "jar transforms Thread 47" [_thread_blocked, id=7308, stack(0x0000000028330000,0x0000000028430000)]
  0x000000001f5af800 JavaThread "jar transforms Thread 46" [_thread_blocked, id=9792, stack(0x0000000028230000,0x0000000028330000)]
  0x000000001f5ab000 JavaThread "jar transforms Thread 45" [_thread_blocked, id=12584, stack(0x0000000028130000,0x0000000028230000)]
  0x000000001f5ad800 JavaThread "jar transforms Thread 44" [_thread_blocked, id=6832, stack(0x0000000028030000,0x0000000028130000)]
  0x000000001f5ae000 JavaThread "jar transforms Thread 43" [_thread_blocked, id=19388, stack(0x0000000027f30000,0x0000000028030000)]
  0x000000001f5a9800 JavaThread "jar transforms Thread 42" [_thread_blocked, id=12996, stack(0x0000000027e30000,0x0000000027f30000)]
  0x000000001f5af000 JavaThread "jar transforms Thread 41" [_thread_blocked, id=10360, stack(0x0000000027d30000,0x0000000027e30000)]
  0x000000001aaf8800 JavaThread "jar transforms Thread 40" [_thread_blocked, id=8400, stack(0x0000000027c30000,0x0000000027d30000)]
  0x000000001aaf7800 JavaThread "jar transforms Thread 39" [_thread_blocked, id=19916, stack(0x0000000027b30000,0x0000000027c30000)]
  0x000000001aaf6000 JavaThread "jar transforms Thread 38" [_thread_blocked, id=23424, stack(0x0000000027a30000,0x0000000027b30000)]
  0x000000001aaf9000 JavaThread "jar transforms Thread 37" [_thread_blocked, id=20624, stack(0x0000000027930000,0x0000000027a30000)]
  0x000000001aaf7000 JavaThread "jar transforms Thread 36" [_thread_blocked, id=25272, stack(0x0000000027830000,0x0000000027930000)]
  0x000000001aaf4800 JavaThread "jar transforms Thread 35" [_thread_blocked, id=2176, stack(0x0000000027730000,0x0000000027830000)]
  0x000000001aaf2000 JavaThread "jar transforms Thread 34" [_thread_blocked, id=21672, stack(0x0000000027630000,0x0000000027730000)]
  0x000000001aaf3000 JavaThread "jar transforms Thread 33" [_thread_blocked, id=10644, stack(0x0000000027530000,0x0000000027630000)]
  0x000000001aaf4000 JavaThread "jar transforms Thread 32" [_thread_blocked, id=4968, stack(0x0000000027430000,0x0000000027530000)]
  0x000000001aaf5800 JavaThread "jar transforms Thread 31" [_thread_blocked, id=3896, stack(0x0000000027330000,0x0000000027430000)]
  0x000000001c2ce800 JavaThread "jar transforms Thread 30" [_thread_blocked, id=11436, stack(0x0000000027230000,0x0000000027330000)]
  0x000000001c2cf000 JavaThread "jar transforms Thread 29" [_thread_blocked, id=21772, stack(0x0000000027130000,0x0000000027230000)]
  0x000000001c2d0800 JavaThread "jar transforms Thread 28" [_thread_blocked, id=23060, stack(0x0000000027030000,0x0000000027130000)]
  0x000000001c2d3000 JavaThread "jar transforms Thread 27" [_thread_blocked, id=8348, stack(0x0000000026f30000,0x0000000027030000)]
  0x000000001c2d4800 JavaThread "jar transforms Thread 26" [_thread_blocked, id=8672, stack(0x0000000026e30000,0x0000000026f30000)]
  0x000000001c2d0000 JavaThread "Build operations Thread 6" [_thread_blocked, id=13856, stack(0x0000000026930000,0x0000000026a30000)]
  0x000000001c2cd800 JavaThread "Build operations Thread 5" [_thread_blocked, id=25368, stack(0x0000000026830000,0x0000000026930000)]
  0x000000001c2d3800 JavaThread "Build operations Thread 4" [_thread_blocked, id=2644, stack(0x0000000026730000,0x0000000026830000)]
  0x000000001c2c6000 JavaThread "Build operations Thread 3" [_thread_blocked, id=15644, stack(0x0000000026630000,0x0000000026730000)]
  0x000000001c2c8800 JavaThread "Build operations Thread 2" [_thread_blocked, id=13724, stack(0x0000000026530000,0x0000000026630000)]
  0x000000001c2cd000 JavaThread "Build operations" [_thread_blocked, id=4920, stack(0x0000000026430000,0x0000000026530000)]
  0x000000001c2cc000 JavaThread "Cache worker for Build Output Cleanup Cache (Q:\Projects\AndroidProjects\youruchet\.gradle\buildOutputCleanup)" [_thread_blocked, id=14260, stack(0x00000000259f0000,0x0000000025af0000)]
  0x000000001c2cb800 JavaThread "Cache worker for file content cache (C:\Users\Kacu_\.gradle\caches\6.5\fileContent)" [_thread_blocked, id=22320, stack(0x0000000024520000,0x0000000024620000)]
  0x000000001c2ca000 JavaThread "Cache worker for execution history cache (C:\Users\Kacu_\.gradle\caches\6.5\executionHistory)" [_thread_blocked, id=21028, stack(0x0000000023a80000,0x0000000023b80000)]
  0x000000001eacb800 JavaThread "Cache worker for cache directory md-rule (C:\Users\Kacu_\.gradle\caches\6.5\md-rule)" [_thread_blocked, id=12244, stack(0x0000000023780000,0x0000000023880000)]
  0x000000001eaca000 JavaThread "Cache worker for cache directory md-supplier (C:\Users\Kacu_\.gradle\caches\6.5\md-supplier)" [_thread_blocked, id=7004, stack(0x0000000023430000,0x0000000023530000)]
  0x000000001eacc800 JavaThread "Cache worker for checksums cache (Q:\Projects\AndroidProjects\youruchet\.gradle\checksums)" [_thread_blocked, id=4520, stack(0x0000000023330000,0x0000000023430000)]
  0x000000001eac9800 JavaThread "jar transforms Thread 25" [_thread_blocked, id=3196, stack(0x0000000023680000,0x0000000023780000)]
  0x000000001eac8800 JavaThread "jar transforms Thread 24" [_thread_blocked, id=24248, stack(0x0000000023580000,0x0000000023680000)]
  0x000000001eacb000 JavaThread "jar transforms Thread 23" [_thread_blocked, id=25108, stack(0x0000000023c20000,0x0000000023d20000)]
  0x000000001eac8000 JavaThread "jar transforms Thread 22" [_thread_blocked, id=25380, stack(0x0000000022f30000,0x0000000023030000)]
  0x000000001eac0800 JavaThread "jar transforms Thread 21" [_thread_blocked, id=1616, stack(0x0000000022e30000,0x0000000022f30000)]
  0x000000001eac7000 JavaThread "jar transforms Thread 20" [_thread_blocked, id=13588, stack(0x0000000022d30000,0x0000000022e30000)]
  0x000000001eac2800 JavaThread "jar transforms Thread 19" [_thread_blocked, id=22732, stack(0x0000000022c30000,0x0000000022d30000)]
  0x000000001eac6800 JavaThread "jar transforms Thread 18" [_thread_blocked, id=7696, stack(0x0000000022b30000,0x0000000022c30000)]
  0x000000001eabf000 JavaThread "jar transforms Thread 17" [_thread_blocked, id=23092, stack(0x0000000022930000,0x0000000022a30000)]
  0x000000001eabf800 JavaThread "jar transforms Thread 16" [_thread_blocked, id=10760, stack(0x0000000022830000,0x0000000022930000)]
  0x000000001eac5800 JavaThread "jar transforms Thread 15" [_thread_blocked, id=2068, stack(0x0000000023030000,0x0000000023130000)]
  0x000000001eac2000 JavaThread "jar transforms Thread 14" [_thread_blocked, id=6568, stack(0x0000000022500000,0x0000000022600000)]
  0x000000001eabe000 JavaThread "jar transforms Thread 13" [_thread_blocked, id=11764, stack(0x0000000022400000,0x0000000022500000)]
  0x000000001eac5000 JavaThread "jar transforms Thread 12" [_thread_blocked, id=4396, stack(0x0000000022300000,0x0000000022400000)]
  0x000000001eabd800 JavaThread "jar transforms Thread 11" [_thread_blocked, id=3356, stack(0x0000000022200000,0x0000000022300000)]
  0x000000001eac1000 JavaThread "jar transforms Thread 10" [_thread_blocked, id=18940, stack(0x0000000022730000,0x0000000022830000)]
  0x000000001eac3800 JavaThread "jar transforms Thread 9" [_thread_blocked, id=9164, stack(0x0000000022630000,0x0000000022730000)]
  0x000000001eac4000 JavaThread "jar transforms Thread 8" [_thread_blocked, id=8932, stack(0x0000000022020000,0x0000000022120000)]
  0x000000001bfd1800 JavaThread "jar transforms Thread 7" [_thread_blocked, id=25092, stack(0x0000000020df0000,0x0000000020ef0000)]
  0x000000001bfce000 JavaThread "jar transforms Thread 6" [_thread_blocked, id=17540, stack(0x0000000020cf0000,0x0000000020df0000)]
  0x000000001bfd0000 JavaThread "jar transforms Thread 5" [_thread_blocked, id=5012, stack(0x0000000020bf0000,0x0000000020cf0000)]
  0x000000001bfd4000 JavaThread "jar transforms Thread 4" [_thread_blocked, id=14808, stack(0x0000000020af0000,0x0000000020bf0000)]
  0x000000001bfd2800 JavaThread "jar transforms Thread 3" [_thread_blocked, id=23584, stack(0x00000000209f0000,0x0000000020af0000)]
  0x000000001bfcd000 JavaThread "jar transforms Thread 2" [_thread_blocked, id=23660, stack(0x00000000208f0000,0x00000000209f0000)]
  0x000000001bfd3000 JavaThread "jar transforms" [_thread_blocked, id=20268, stack(0x00000000207f0000,0x00000000208f0000)]
  0x000000001bfd1000 JavaThread "Cache worker for file hash cache (Q:\Projects\AndroidProjects\youruchet\.gradle\6.5\fileHashes)" [_thread_blocked, id=21060, stack(0x0000000020f50000,0x0000000021050000)]
  0x000000001bfce800 JavaThread "Cache worker for file hash cache (C:\Users\Kacu_\.gradle\caches\6.5\fileHashes)" [_thread_blocked, id=18180, stack(0x000000001e350000,0x000000001e450000)]
  0x000000001bfcf800 JavaThread "File lock request listener" [_thread_in_native, id=900, stack(0x000000001e250000,0x000000001e350000)]
  0x000000001c06d800 JavaThread "Cache worker for journal cache (C:\Users\Kacu_\.gradle\caches\journal-1)" [_thread_blocked, id=11980, stack(0x000000001e150000,0x000000001e250000)]
  0x000000001bf5b000 JavaThread "Thread-9" [_thread_blocked, id=25360, stack(0x000000001de50000,0x000000001df50000)]
  0x000000001bf5a800 JavaThread "Stdin handler" [_thread_blocked, id=23616, stack(0x000000001dd50000,0x000000001de50000)]
  0x000000001bf46800 JavaThread "Asynchronous log dispatcher for DefaultDaemonConnection: socket connection from /127.0.0.1:64611 to /127.0.0.1:64612" [_thread_blocked, id=24044, stack(0x000000001dc50000,0x000000001dd50000)]
  0x000000001bf30000 JavaThread "Daemon worker" [_thread_in_Java, id=1788, stack(0x000000001db50000,0x000000001dc50000)]
  0x000000001bf2f000 JavaThread "Cancel handler" [_thread_blocked, id=17188, stack(0x000000001da50000,0x000000001db50000)]
  0x000000001bacc000 JavaThread "Handler for socket connection from /127.0.0.1:64611 to /127.0.0.1:64612" [_thread_in_native, id=22536, stack(0x000000001d750000,0x000000001d850000)]
  0x000000001bea8800 JavaThread "Daemon" [_thread_blocked, id=19676, stack(0x000000001d650000,0x000000001d750000)]
  0x000000001bea7800 JavaThread "Daemon periodic checks" [_thread_blocked, id=16324, stack(0x000000001d550000,0x000000001d650000)]
  0x000000001bea6000 JavaThread "Incoming local TCP Connector on port 64611" [_thread_in_native, id=16320, stack(0x000000001d300000,0x000000001d400000)]
  0x000000001bebf000 JavaThread "Daemon health stats" [_thread_blocked, id=8700, stack(0x000000001cca0000,0x000000001cda0000)]
  0x0000000019d7a000 JavaThread "Service Thread" daemon [_thread_blocked, id=19328, stack(0x000000001a100000,0x000000001a200000)]
  0x0000000017d92000 JavaThread "C1 CompilerThread2" daemon [_thread_blocked, id=7732, stack(0x0000000019c00000,0x0000000019d00000)]
=>0x0000000017d8f000 JavaThread "C2 CompilerThread1" daemon [_thread_in_native, id=14076, stack(0x0000000019b00000,0x0000000019c00000)]
  0x0000000017d8b800 JavaThread "C2 CompilerThread0" daemon [_thread_in_native, id=25376, stack(0x0000000019a00000,0x0000000019b00000)]
  0x0000000017d89800 JavaThread "Attach Listener" daemon [_thread_blocked, id=11880, stack(0x0000000019900000,0x0000000019a00000)]
  0x0000000017d85800 JavaThread "Signal Dispatcher" daemon [_thread_blocked, id=19344, stack(0x0000000019800000,0x0000000019900000)]
  0x0000000002eea800 JavaThread "Finalizer" daemon [_thread_blocked, id=24628, stack(0x00000000195f0000,0x00000000196f0000)]
  0x0000000017d6b800 JavaThread "Reference Handler" daemon [_thread_blocked, id=11856, stack(0x00000000194f0000,0x00000000195f0000)]
  0x0000000002ded800 JavaThread "main" [_thread_blocked, id=25156, stack(0x0000000002cb0000,0x0000000002db0000)]

Other Threads:
  0x0000000017d46800 VMThread [stack: 0x00000000193f0000,0x00000000194f0000] [id=13460]
  0x0000000019d8d000 WatcherThread [stack: 0x000000001a200000,0x000000001a300000] [id=20072]

VM state:not at safepoint (normal execution)

VM Mutex/Monitor currently owned by a thread: None

heap address: 0x0000000080000000, size: 2048 MB, Compressed Oops mode: 32-bit
Narrow klass base: 0x0000000000000000, Narrow klass shift: 3
Compressed class space size: 1073741824 Address: 0x0000000100000000

Heap:
 PSYoungGen      total 424960K, used 33612K [0x00000000d5580000, 0x00000000f5400000, 0x0000000100000000)
  eden space 403456K, 8% used [0x00000000d5580000,0x00000000d7653100,0x00000000edf80000)
  from space 21504K, 0% used [0x00000000edf80000,0x00000000edf80000,0x00000000ef480000)
  to   space 24576K, 0% used [0x00000000f3c00000,0x00000000f3c00000,0x00000000f5400000)
 ParOldGen       total 204288K, used 31634K [0x0000000080000000, 0x000000008c780000, 0x00000000d5580000)
  object space 204288K, 15% used [0x0000000080000000,0x0000000081ee4998,0x000000008c780000)
 Metaspace       used 57825K, capacity 59984K, committed 60308K, reserved 1101824K
  class space    used 7383K, capacity 7804K, committed 7936K, reserved 1048576K

Card table byte_map: [0x00000000122b0000,0x00000000126c0000] byte_map_base: 0x0000000011eb0000

Marking Bits: (ParMarkBitMap*) 0x000000006910f030
 Begin Bits: [0x0000000012f70000, 0x0000000014f70000)
 End Bits:   [0x0000000014f70000, 0x0000000016f70000)

Polling page: 0x0000000002c40000

CodeCache: size=245760Kb used=25095Kb max_used=25424Kb free=220665Kb
 bounds [0x0000000002ef0000, 0x00000000047f0000, 0x0000000011ef0000]
 total_blobs=7838 nmethods=7013 adapters=738
 compilation: enabled

Compilation events (10 events):
Event: 25.003 Thread 0x0000000017d92000 nmethod 8138 0x00000000039d8bd0 code [0x00000000039d8d40, 0x00000000039d8fd0]
Event: 25.005 Thread 0x0000000017d92000 8139       3       org.objectweb.asm.AnnotationWriter::visit (959 bytes)
Event: 25.006 Thread 0x0000000017d92000 nmethod 8139 0x000000000413e110 code [0x000000000413e780, 0x00000000041439b8]
Event: 25.007 Thread 0x0000000017d92000 8140       3       java.lang.ClassLoader::preDefineClass (109 bytes)
Event: 25.007 Thread 0x0000000017d92000 nmethod 8140 0x00000000040c8550 code [0x00000000040c8820, 0x00000000040c9d48]
Event: 25.008 Thread 0x0000000017d92000 8141       3       org.gradle.api.internal.DefaultDomainObjectCollection::getMutationGuard (10 bytes)
Event: 25.008 Thread 0x0000000017d92000 nmethod 8141 0x00000000039d8710 code [0x00000000039d8880, 0x00000000039d8aa8]
Event: 25.009 Thread 0x0000000017d92000 8142       3       org.gradle.internal.instantiation.generator.AbstractClassGenerator::generate (58 bytes)
Event: 25.009 Thread 0x0000000017d92000 nmethod 8142 0x00000000047c66d0 code [0x00000000047c68a0, 0x00000000047c7268]
Event: 25.014 Thread 0x0000000017d92000 8143       3       java.security.CodeSource::equals (60 bytes)

GC Heap History (10 events):
Event: 18.202 GC heap before
{Heap before GC invocations=12 (full 2):
 PSYoungGen      total 309248K, used 294936K [0x00000000d5580000, 0x00000000ed400000, 0x0000000100000000)
  eden space 292352K, 100% used [0x00000000d5580000,0x00000000e7300000,0x00000000e7300000)
  from space 16896K, 15% used [0x00000000e7300000,0x00000000e75861a8,0x00000000e8380000)
  to   space 16896K, 0% used [0x00000000ec380000,0x00000000ec380000,0x00000000ed400000)
 ParOldGen       total 144896K, used 20309K [0x0000000080000000, 0x0000000088d80000, 0x00000000d5580000)
  object space 144896K, 14% used [0x0000000080000000,0x00000000813d5790,0x0000000088d80000)
 Metaspace       used 49293K, capacity 51192K, committed 51328K, reserved 1093632K
  class space    used 6337K, capacity 6703K, committed 6784K, reserved 1048576K
Event: 18.212 GC heap after
Heap after GC invocations=12 (full 2):
 PSYoungGen      total 365056K, used 16882K [0x00000000d5580000, 0x00000000ed400000, 0x0000000100000000)
  eden space 348160K, 0% used [0x00000000d5580000,0x00000000d5580000,0x00000000ea980000)
  from space 16896K, 99% used [0x00000000ec380000,0x00000000ed3fc850,0x00000000ed400000)
  to   space 20480K, 0% used [0x00000000eac00000,0x00000000eac00000,0x00000000ec000000)
 ParOldGen       total 144896K, used 22837K [0x0000000080000000, 0x0000000088d80000, 0x00000000d5580000)
  object space 144896K, 15% used [0x0000000080000000,0x000000008164d608,0x0000000088d80000)
 Metaspace       used 49293K, capacity 51192K, committed 51328K, reserved 1093632K
  class space    used 6337K, capacity 6703K, committed 6784K, reserved 1048576K
}
Event: 21.254 GC heap before
{Heap before GC invocations=13 (full 2):
 PSYoungGen      total 365056K, used 365042K [0x00000000d5580000, 0x00000000ed400000, 0x0000000100000000)
  eden space 348160K, 100% used [0x00000000d5580000,0x00000000ea980000,0x00000000ea980000)
  from space 16896K, 99% used [0x00000000ec380000,0x00000000ed3fc850,0x00000000ed400000)
  to   space 20480K, 0% used [0x00000000eac00000,0x00000000eac00000,0x00000000ec000000)
 ParOldGen       total 144896K, used 22837K [0x0000000080000000, 0x0000000088d80000, 0x00000000d5580000)
  object space 144896K, 15% used [0x0000000080000000,0x000000008164d608,0x0000000088d80000)
 Metaspace       used 49731K, capacity 51798K, committed 51968K, reserved 1093632K
  class space    used 6378K, capacity 6796K, committed 6912K, reserved 1048576K
Event: 21.260 GC heap after
Heap after GC invocations=13 (full 2):
 PSYoungGen      total 371200K, used 12708K [0x00000000d5580000, 0x00000000f0b00000, 0x0000000100000000)
  eden space 350720K, 0% used [0x00000000d5580000,0x00000000d5580000,0x00000000eac00000)
  from space 20480K, 62% used [0x00000000eac00000,0x00000000eb869390,0x00000000ec000000)
  to   space 20992K, 0% used [0x00000000ef680000,0x00000000ef680000,0x00000000f0b00000)
 ParOldGen       total 144896K, used 22909K [0x0000000080000000, 0x0000000088d80000, 0x00000000d5580000)
  object space 144896K, 15% used [0x0000000080000000,0x000000008165f618,0x0000000088d80000)
 Metaspace       used 49731K, capacity 51798K, committed 51968K, reserved 1093632K
  class space    used 6378K, capacity 6796K, committed 6912K, reserved 1048576K
}
Event: 23.539 GC heap before
{Heap before GC invocations=14 (full 2):
 PSYoungGen      total 371200K, used 363428K [0x00000000d5580000, 0x00000000f0b00000, 0x0000000100000000)
  eden space 350720K, 100% used [0x00000000d5580000,0x00000000eac00000,0x00000000eac00000)
  from space 20480K, 62% used [0x00000000eac00000,0x00000000eb869390,0x00000000ec000000)
  to   space 20992K, 0% used [0x00000000ef680000,0x00000000ef680000,0x00000000f0b00000)
 ParOldGen       total 144896K, used 22909K [0x0000000080000000, 0x0000000088d80000, 0x00000000d5580000)
  object space 144896K, 15% used [0x0000000080000000,0x000000008165f618,0x0000000088d80000)
 Metaspace       used 49829K, capacity 51866K, committed 52224K, reserved 1095680K
  class space    used 6378K, capacity 6796K, committed 6912K, reserved 1048576K
Event: 23.545 GC heap after
Heap after GC invocations=14 (full 2):
 PSYoungGen      total 422912K, used 12806K [0x00000000d5580000, 0x00000000f0980000, 0x0000000100000000)
  eden space 403456K, 0% used [0x00000000d5580000,0x00000000d5580000,0x00000000edf80000)
  from space 19456K, 65% used [0x00000000ef680000,0x00000000f0301a38,0x00000000f0980000)
  to   space 21504K, 0% used [0x00000000edf80000,0x00000000edf80000,0x00000000ef480000)
 ParOldGen       total 144896K, used 22917K [0x0000000080000000, 0x0000000088d80000, 0x00000000d5580000)
  object space 144896K, 15% used [0x0000000080000000,0x0000000081661618,0x0000000088d80000)
 Metaspace       used 49829K, capacity 51866K, committed 52224K, reserved 1095680K
  class space    used 6378K, capacity 6796K, committed 6912K, reserved 1048576K
}
Event: 24.774 GC heap before
{Heap before GC invocations=15 (full 2):
 PSYoungGen      total 422912K, used 272893K [0x00000000d5580000, 0x00000000f0980000, 0x0000000100000000)
  eden space 403456K, 64% used [0x00000000d5580000,0x00000000e537db10,0x00000000edf80000)
  from space 19456K, 65% used [0x00000000ef680000,0x00000000f0301a38,0x00000000f0980000)
  to   space 21504K, 0% used [0x00000000edf80000,0x00000000edf80000,0x00000000ef480000)
 ParOldGen       total 144896K, used 22917K [0x0000000080000000, 0x0000000088d80000, 0x00000000d5580000)
  object space 144896K, 15% used [0x0000000080000000,0x0000000081661618,0x0000000088d80000)
 Metaspace       used 56641K, capacity 58900K, committed 59028K, reserved 1101824K
  class space    used 7210K, capacity 7649K, committed 7680K, reserved 1048576K
Event: 24.785 GC heap after
Heap after GC invocations=15 (full 2):
 PSYoungGen      total 424960K, used 20349K [0x00000000d5580000, 0x00000000f5400000, 0x0000000100000000)
  eden space 403456K, 0% used [0x00000000d5580000,0x00000000d5580000,0x00000000edf80000)
  from space 21504K, 94% used [0x00000000edf80000,0x00000000ef35f4a0,0x00000000ef480000)
  to   space 24576K, 0% used [0x00000000f3c00000,0x00000000f3c00000,0x00000000f5400000)
 ParOldGen       total 144896K, used 22925K [0x0000000080000000, 0x0000000088d80000, 0x00000000d5580000)
  object space 144896K, 15% used [0x0000000080000000,0x0000000081663618,0x0000000088d80000)
 Metaspace       used 56641K, capacity 58900K, committed 59028K, reserved 1101824K
  class space    used 7210K, capacity 7649K, committed 7680K, reserved 1048576K
}
Event: 24.785 GC heap before
{Heap before GC invocations=16 (full 3):
 PSYoungGen      total 424960K, used 20349K [0x00000000d5580000, 0x00000000f5400000, 0x0000000100000000)
  eden space 403456K, 0% used [0x00000000d5580000,0x00000000d5580000,0x00000000edf80000)
  from space 21504K, 94% used [0x00000000edf80000,0x00000000ef35f4a0,0x00000000ef480000)
  to   space 24576K, 0% used [0x00000000f3c00000,0x00000000f3c00000,0x00000000f5400000)
 ParOldGen       total 144896K, used 22925K [0x0000000080000000, 0x0000000088d80000, 0x00000000d5580000)
  object space 144896K, 15% used [0x0000000080000000,0x0000000081663618,0x0000000088d80000)
 Metaspace       used 56641K, capacity 58900K, committed 59028K, reserved 1101824K
  class space    used 7210K, capacity 7649K, committed 7680K, reserved 1048576K
Event: 24.877 GC heap after
Heap after GC invocations=16 (full 3):
 PSYoungGen      total 424960K, used 0K [0x00000000d5580000, 0x00000000f5400000, 0x0000000100000000)
  eden space 403456K, 0% used [0x00000000d5580000,0x00000000d5580000,0x00000000edf80000)
  from space 21504K, 0% used [0x00000000edf80000,0x00000000edf80000,0x00000000ef480000)
  to   space 24576K, 0% used [0x00000000f3c00000,0x00000000f3c00000,0x00000000f5400000)
 ParOldGen       total 204288K, used 31634K [0x0000000080000000, 0x000000008c780000, 0x00000000d5580000)
  object space 204288K, 15% used [0x0000000080000000,0x0000000081ee4998,0x000000008c780000)
 Metaspace       used 56525K, capacity 58676K, committed 59028K, reserved 1101824K
  class space    used 7176K, capacity 7606K, committed 7680K, reserved 1048576K
}

Deoptimization events (10 events):
Event: 24.954 Thread 0x000000001bf30000 Uncommon trap: reason=unstable_if action=reinterpret pc=0x000000000479b254 method=java.util.jar.JarFile.maybeInstantiateVerifier()V @ 4
Event: 24.954 Thread 0x000000001bf30000 Uncommon trap: reason=unstable_if action=reinterpret pc=0x000000000462e770 method=java.security.CodeSource.<init>(Ljava/net/URL;[Ljava/security/CodeSigner;)V @ 25
Event: 24.954 Thread 0x000000001bf30000 Uncommon trap: reason=unstable_if action=reinterpret pc=0x0000000004788ec0 method=java.security.CodeSource.getCertificates()[Ljava/security/cert/Certificate; @ 22
Event: 24.954 Thread 0x000000001bf30000 Uncommon trap: reason=unstable_if action=reinterpret pc=0x000000000397d3b0 method=java.util.jar.JarFile.maybeInstantiateVerifier()V @ 4
Event: 24.954 Thread 0x000000001bf30000 Uncommon trap: reason=unstable_if action=reinterpret pc=0x0000000003414430 method=java.util.jar.JarFile.maybeInstantiateVerifier()V @ 4
Event: 24.955 Thread 0x000000001bf30000 Uncommon trap: reason=speculate_class_check action=maybe_recompile pc=0x00000000046cbc80 method=java.lang.StringCoding.encode(Ljava/nio/charset/Charset;[CII)[B @ 91
Event: 24.955 Thread 0x000000001bf30000 Uncommon trap: reason=unstable_if action=reinterpret pc=0x000000000479c4c8 method=java.util.jar.JarFile.maybeInstantiateVerifier()V @ 4
Event: 24.955 Thread 0x000000001bf30000 Uncommon trap: reason=unstable_if action=reinterpret pc=0x00000000047a0314 method=java.security.CodeSource.matchCerts(Ljava/security/CodeSource;Z)Z @ 11
Event: 24.955 Thread 0x000000001bf30000 Uncommon trap: reason=unstable_if action=reinterpret pc=0x000000000361655c method=java.security.CodeSource.getCertificates()[Ljava/security/cert/Certificate; @ 4
Event: 24.974 Thread 0x000000001bf30000 Uncommon trap: reason=speculate_class_check action=maybe_recompile pc=0x00000000046cbc80 method=java.lang.StringCoding.encode(Ljava/nio/charset/Charset;[CII)[B @ 91

Classes redefined (0 events):
No events

Internal exceptions (10 events):
Event: 24.378 Thread 0x000000001bf30000 Exception <a 'java/lang/ClassNotFoundException': org/gradle/api/tasks/DeleteCustomizer> (0x00000000e18d7940) thrown at [C:\src\AOSP-openjdk-git\hotspot\src\share\vm\classfile\systemDictionary.cpp, line 210]
Event: 24.379 Thread 0x000000001bf30000 Exception <a 'java/lang/ClassNotFoundException': org/gradle/api/tasks/Delete_DecoratedCustomizer> (0x00000000e1927388) thrown at [C:\src\AOSP-openjdk-git\hotspot\src\share\vm\classfile\systemDictionary.cpp, line 210]
Event: 24.402 Thread 0x000000001abee800 Exception <a 'sun/nio/fs/WindowsException'> (0x00000000e2022c70) thrown at [C:\src\AOSP-openjdk-git\hotspot\src\share\vm\prims\jni.cpp, line 710]
Event: 24.402 Thread 0x000000001abee800 Exception <a 'sun/nio/fs/WindowsException'> (0x00000000e2022fd0) thrown at [C:\src\AOSP-openjdk-git\hotspot\src\share\vm\prims\jni.cpp, line 710]
Event: 24.405 Thread 0x000000001bf30000 Exception <a 'java/lang/ClassNotFoundException': build_2h22pw9957j0y0c6ka8s4dg1uBeanInfo> (0x00000000e1c017d8) thrown at [C:\src\AOSP-openjdk-git\hotspot\src\share\vm\classfile\systemDictionary.cpp, line 210]
Event: 24.406 Thread 0x000000001bf30000 Exception <a 'java/lang/ClassNotFoundException': build_2h22pw9957j0y0c6ka8s4dg1uCustomizer> (0x00000000e1c0d418) thrown at [C:\src\AOSP-openjdk-git\hotspot\src\share\vm\classfile\systemDictionary.cpp, line 210]
Event: 24.409 Thread 0x000000001bf30000 Exception <a 'java/lang/ClassNotFoundException': org/gradle/plugin/use/internal/PluginRequestCollector$PluginDependenciesSpecImplBeanInfo> (0x00000000e1cb1b68) thrown at [C:\src\AOSP-openjdk-git\hotspot\src\share\vm\classfile\systemDictionary.cpp, line 21
Event: 24.409 Thread 0x000000001bf30000 Exception <a 'java/lang/ClassNotFoundException': org/gradle/plugin/use/internal/PluginRequestCollector$PluginDependenciesSpecImplCustomizer> (0x00000000e1cf1aa8) thrown at [C:\src\AOSP-openjdk-git\hotspot\src\share\vm\classfile\systemDictionary.cpp, line 
Event: 24.572 Thread 0x000000001bf30000 Implicit null exception at 0x000000000453a6d4 to 0x000000000453a8bf
Event: 24.940 Thread 0x000000001bf30000 Implicit null exception at 0x00000000030a4e68 to 0x00000000030a4ef9

Events (10 events):
Event: 25.013 loading class com/android/build/api/artifact/Artifact
Event: 25.013 loading class com/android/build/api/artifact/Artifact done
Event: 25.014 loading class com/android/build/api/artifact/Artifact$Companion
Event: 25.014 loading class com/android/build/api/artifact/Artifact$Companion done
Event: 25.014 loading class com/android/build/api/artifact/ArtifactKind$FILE
Event: 25.014 loading class com/android/build/api/artifact/ArtifactKind$FILE done
Event: 25.014 loading class com/android/build/api/artifact/ArtifactKind
Event: 25.014 loading class com/android/build/api/artifact/ArtifactKind done
Event: 25.014 loading class com/android/build/api/artifact/ArtifactKind$DIRECTORY
Event: 25.014 loading class com/android/build/api/artifact/ArtifactKind$DIRECTORY done


Dynamic libraries:
0x00007ff715e70000 - 0x00007ff715ea1000 	Q:\Programs\AndroidStudio\jre\bin\java.exe
0x00007ffe6b070000 - 0x00007ffe6b265000 	C:\Windows\SYSTEM32\ntdll.dll
0x00007ffe6a0f0000 - 0x00007ffe6a1ad000 	C:\Windows\System32\KERNEL32.DLL
0x00007ffe68b70000 - 0x00007ffe68e39000 	C:\Windows\System32\KERNELBASE.dll
0x00007ffe69750000 - 0x00007ffe697fc000 	C:\Windows\System32\ADVAPI32.dll
0x00007ffe69be0000 - 0x00007ffe69c7e000 	C:\Windows\System32\msvcrt.dll
0x00007ffe6aec0000 - 0x00007ffe6af5c000 	C:\Windows\System32\sechost.dll
0x00007ffe69540000 - 0x00007ffe6966b000 	C:\Windows\System32\RPCRT4.dll
0x00007ffe69d80000 - 0x00007ffe69f20000 	C:\Windows\System32\USER32.dll
0x00007ffe687b0000 - 0x00007ffe687d2000 	C:\Windows\System32\win32u.dll
0x00007ffe69860000 - 0x00007ffe6988a000 	C:\Windows\System32\GDI32.dll
0x00007ffe689c0000 - 0x00007ffe68acb000 	C:\Windows\System32\gdi32full.dll
0x00007ffe68ad0000 - 0x00007ffe68b6d000 	C:\Windows\System32\msvcp_win.dll
0x00007ffe68ec0000 - 0x00007ffe68fc0000 	C:\Windows\System32\ucrtbase.dll
0x00007ffe52830000 - 0x00007ffe52aca000 	C:\Windows\WinSxS\amd64_microsoft.windows.common-controls_6595b64144ccf1df_6.0.19041.844_none_ca00b6081b84eb1d\COMCTL32.dll
0x00007ffe6aa80000 - 0x00007ffe6aab0000 	C:\Windows\System32\IMM32.DLL
0x0000000068780000 - 0x0000000068852000 	Q:\Programs\AndroidStudio\jre\jre\bin\msvcr100.dll
0x0000000068940000 - 0x000000006918b000 	Q:\Programs\AndroidStudio\jre\jre\bin\server\jvm.dll
0x00007ffe69c80000 - 0x00007ffe69c88000 	C:\Windows\System32\PSAPI.DLL
0x00007ffe607a0000 - 0x00007ffe607aa000 	C:\Windows\SYSTEM32\VERSION.dll
0x00007ffe65fe0000 - 0x00007ffe65fe9000 	C:\Windows\SYSTEM32\WSOCK32.dll
0x00007ffe5cf00000 - 0x00007ffe5cf27000 	C:\Windows\SYSTEM32\WINMM.dll
0x00007ffe69cb0000 - 0x00007ffe69d1b000 	C:\Windows\System32\WS2_32.dll
0x00007ffe63120000 - 0x00007ffe6312f000 	Q:\Programs\AndroidStudio\jre\jre\bin\verify.dll
0x00007ffe55660000 - 0x00007ffe55689000 	Q:\Programs\AndroidStudio\jre\jre\bin\java.dll
0x00007ffe5b890000 - 0x00007ffe5b8a6000 	Q:\Programs\AndroidStudio\jre\jre\bin\zip.dll
0x00007ffe6a1b0000 - 0x00007ffe6a8f2000 	C:\Windows\System32\SHELL32.dll
0x00007ffe66930000 - 0x00007ffe670c0000 	C:\Windows\SYSTEM32\windows.storage.dll
0x00007ffe6aab0000 - 0x00007ffe6ae05000 	C:\Windows\System32\combase.dll
0x00007ffe68220000 - 0x00007ffe6824c000 	C:\Windows\SYSTEM32\Wldp.dll
0x00007ffe6ae10000 - 0x00007ffe6aebe000 	C:\Windows\System32\SHCORE.dll
0x00007ffe69d20000 - 0x00007ffe69d75000 	C:\Windows\System32\shlwapi.dll
0x00007ffe686f0000 - 0x00007ffe6870f000 	C:\Windows\SYSTEM32\profapi.dll
0x00007ffe54990000 - 0x00007ffe549aa000 	Q:\Programs\AndroidStudio\jre\jre\bin\net.dll
0x00007ffe67fa0000 - 0x00007ffe6800a000 	C:\Windows\system32\mswsock.dll
0x00007ffe54900000 - 0x00007ffe54913000 	Q:\Programs\AndroidStudio\jre\jre\bin\nio.dll
0x00007ffe555b0000 - 0x00007ffe555d7000 	C:\Users\Kacu_\.gradle\native\f6784746aeab05261644944871eae4fe03e0ef1612fff0a4a95f87b438bc6780\windows-amd64\native-platform.dll
0x00007ffe5e190000 - 0x00007ffe5e19d000 	Q:\Programs\AndroidStudio\jre\jre\bin\management.dll
0x00007ffe68170000 - 0x00007ffe68188000 	C:\Windows\SYSTEM32\CRYPTSP.dll
0x00007ffe678d0000 - 0x00007ffe67904000 	C:\Windows\system32\rsaenh.dll
0x00007ffe68e90000 - 0x00007ffe68eb7000 	C:\Windows\System32\bcrypt.dll
0x00007ffe68670000 - 0x00007ffe6869e000 	C:\Windows\SYSTEM32\USERENV.dll
0x00007ffe68940000 - 0x00007ffe689c0000 	C:\Windows\System32\bcryptprimitives.dll
0x00007ffe68190000 - 0x00007ffe6819c000 	C:\Windows\SYSTEM32\CRYPTBASE.dll
0x00007ffe67c40000 - 0x00007ffe67c7b000 	C:\Windows\SYSTEM32\IPHLPAPI.DLL
0x00007ffe69fa0000 - 0x00007ffe69fa8000 	C:\Windows\System32\NSI.dll
0x00007ffe61de0000 - 0x00007ffe61df7000 	C:\Windows\SYSTEM32\dhcpcsvc6.DLL
0x00007ffe61dc0000 - 0x00007ffe61ddd000 	C:\Windows\SYSTEM32\dhcpcsvc.DLL
0x00007ffe67c80000 - 0x00007ffe67d4b000 	C:\Windows\SYSTEM32\DNSAPI.dll
0x00007ffe61ed0000 - 0x00007ffe61edb000 	C:\Windows\SYSTEM32\WINNSI.DLL
0x00007ffe4cdb0000 - 0x00007ffe4cdd4000 	Q:\Programs\AndroidStudio\jre\jre\bin\sunec.dll
0x00007ffe61160000 - 0x00007ffe6116a000 	C:\Windows\System32\rasadhlp.dll
0x00007ffe60010000 - 0x00007ffe6008f000 	C:\Windows\System32\fwpuclnt.dll
0x00007ffe5b840000 - 0x00007ffe5b84b000 	Q:\Programs\AndroidStudio\jre\jre\bin\sunmscapi.dll
0x00007ffe687e0000 - 0x00007ffe6893f000 	C:\Windows\System32\CRYPT32.dll

VM Arguments:
jvm_args: -Xmx2048m -Dfile.encoding=UTF-8 -Duser.country=RU -Duser.language=ru -Duser.variant 
java_command: org.gradle.launcher.daemon.bootstrap.GradleDaemon 6.5
java_class_path (initial): C:\Users\Kacu_\.gradle\wrapper\dists\gradle-6.5-bin\6nifqtx7604sqp1q6g8wikw7p\gradle-6.5\lib\gradle-launcher-6.5.jar
Launcher Type: SUN_STANDARD

Environment Variables:
PATH=C:\Program Files (x86)\Common Files\Intel\Shared Libraries\redist\intel64\compiler;C:\Windows\system32;C:\Windows;C:\Windows\System32\Wbem;C:\Windows\System32\WindowsPowerShell\v1.0\;C:\Windows\System32\OpenSSH\;C:\Users\Kacu_\AppData\Local\Microsoft\WindowsApps;;Q:\Programs\Microsoft VS Code\bin
USERNAME=Kacu_
OS=Windows_NT
PROCESSOR_IDENTIFIER=Intel64 Family 6 Model 158 Stepping 10, GenuineIntel



---------------  S Y S T E M  ---------------

OS: Windows 10.0 , 64 bit Build 19041 (10.0.19041.804)

CPU:total 6 (initial active 6) (6 cores per cpu, 1 threads per core) family 6 model 158 stepping 10, cmov, cx8, fxsr, mmx, sse, sse2, sse3, ssse3, sse4.1, sse4.2, popcnt, avx, avx2, aes, clmul, erms, 3dnowpref, lzcnt, tsc, tscinvbit, bmi1, bmi2, adx

Memory: 4k page, physical 16663832k(7117916k free), swap 25838944k(5480k free)

vm_info: OpenJDK 64-Bit Server VM (25.242-b01) for windows-amd64 JRE (1.8.0_242-release-1644-b01), built by "builder" with MS VC++ 10.0 (VS2010)

time: Wed Mar 03 14:33:09 2021
timezone: RTZ 6 (зима)
elapsed time: 25 seconds (0d 0h 0m 25s)

